{"/Users/kooshapari/temp-PRODVERCEL/localbase/localbase-frontend/app/layout.tsx": {"path":"/Users/kooshapari/temp-PRODVERCEL/localbase/localbase-frontend/app/layout.tsx","statementMap":{"0":{"start":{"line":30,"column":24},"end":{"line":30,"column":35}},"1":{"start":{"line":25,"column":13},"end":{"line":25,"column":21}},"2":{"start":{"line":1,"column":7},"end":{"line":1,"column":null}},"3":{"start":{"line":2,"column":22},"end":{"line":2,"column":null}},"4":{"start":{"line":3,"column":29},"end":{"line":3,"column":null}},"5":{"start":{"line":7,"column":14},"end":{"line":23,"column":null}},"6":{"start":{"line":25,"column":34},"end":{"line":28,"column":null}}},"fnMap":{"0":{"name":"RootLayout","decl":{"start":{"line":30,"column":24},"end":{"line":30,"column":35}},"loc":{"start":{"line":34,"column":1},"end":{"line":42,"column":1}}}},"branchMap":{},"s":{"0":0,"1":0,"2":0,"3":0,"4":0,"5":0,"6":0},"f":{"0":0},"b":{}}
,"/Users/kooshapari/temp-PRODVERCEL/localbase/localbase-frontend/app/page.tsx": {"path":"/Users/kooshapari/temp-PRODVERCEL/localbase/localbase-frontend/app/page.tsx","statementMap":{"0":{"start":{"line":7,"column":30},"end":{"line":7,"column":null}},"1":{"start":{"line":1,"column":18},"end":{"line":1,"column":null}},"2":{"start":{"line":2,"column":17},"end":{"line":2,"column":null}},"3":{"start":{"line":3,"column":44},"end":{"line":3,"column":null}},"4":{"start":{"line":4,"column":24},"end":{"line":4,"column":null}},"5":{"start":{"line":5,"column":25},"end":{"line":5,"column":null}},"6":{"start":{"line":9,"column":18},"end":{"line":9,"column":null}},"7":{"start":{"line":14,"column":5},"end":{"line":14,"column":null}},"8":{"start":{"line":17,"column":1},"end":{"line":19,"column":null}},"9":{"start":{"line":18,"column":2},"end":{"line":18,"column":null}}},"fnMap":{"0":{"name":"HomePage","decl":{"start":{"line":7,"column":30},"end":{"line":7,"column":null}},"loc":{"start":{"line":7,"column":30},"end":{"line":406,"column":null}}}},"branchMap":{"0":{"loc":{"start":{"line":17,"column":1},"end":{"line":19,"column":null}},"type":"if","locations":[{"start":{"line":17,"column":1},"end":{"line":19,"column":null}}]}},"s":{"0":0,"1":0,"2":0,"3":0,"4":0,"5":0,"6":0,"7":0,"8":0,"9":0},"f":{"0":0},"b":{"0":[0]}}
,"/Users/kooshapari/temp-PRODVERCEL/localbase/localbase-frontend/app/(dashboard)/layout.tsx": {"path":"/Users/kooshapari/temp-PRODVERCEL/localbase/localbase-frontend/app/(dashboard)/layout.tsx","statementMap":{"0":{"start":{"line":7,"column":30},"end":{"line":7,"column":46}},"1":{"start":{"line":1,"column":18},"end":{"line":1,"column":null}},"2":{"start":{"line":2,"column":23},"end":{"line":2,"column":null}},"3":{"start":{"line":3,"column":44},"end":{"line":3,"column":null}},"4":{"start":{"line":4,"column":24},"end":{"line":4,"column":null}},"5":{"start":{"line":5,"column":25},"end":{"line":5,"column":null}},"6":{"start":{"line":13,"column":19},"end":{"line":13,"column":null}},"7":{"start":{"line":16,"column":32},"end":{"line":16,"column":null}},"8":{"start":{"line":19,"column":2},"end":{"line":21,"column":null}},"9":{"start":{"line":20,"column":4},"end":{"line":20,"column":null}}},"fnMap":{"0":{"name":"DashboardLayout","decl":{"start":{"line":7,"column":30},"end":{"line":7,"column":46}},"loc":{"start":{"line":11,"column":1},"end":{"line":53,"column":null}}}},"branchMap":{"0":{"loc":{"start":{"line":19,"column":2},"end":{"line":21,"column":null}},"type":"if","locations":[{"start":{"line":19,"column":2},"end":{"line":21,"column":null}}]}},"s":{"0":0,"1":0,"2":0,"3":0,"4":0,"5":0,"6":0,"7":0,"8":0,"9":0},"f":{"0":0},"b":{"0":[0]}}
,"/Users/kooshapari/temp-PRODVERCEL/localbase/localbase-frontend/app/(dashboard)/api-keys/page.tsx": {"path":"/Users/kooshapari/temp-PRODVERCEL/localbase/localbase-frontend/app/(dashboard)/api-keys/page.tsx","statementMap":{"0":{"start":{"line":12,"column":30},"end":{"line":12,"column":null}},"1":{"start":{"line":7,"column":13},"end":{"line":7,"column":21}},"2":{"start":{"line":1,"column":18},"end":{"line":1,"column":null}},"3":{"start":{"line":3,"column":44},"end":{"line":3,"column":null}},"4":{"start":{"line":4,"column":24},"end":{"line":4,"column":null}},"5":{"start":{"line":5,"column":25},"end":{"line":5,"column":null}},"6":{"start":{"line":7,"column":34},"end":{"line":10,"column":null}},"7":{"start":{"line":14,"column":19},"end":{"line":14,"column":null}},"8":{"start":{"line":17,"column":32},"end":{"line":17,"column":null}},"9":{"start":{"line":20,"column":2},"end":{"line":22,"column":null}},"10":{"start":{"line":21,"column":4},"end":{"line":21,"column":null}},"11":{"start":{"line":25,"column":28},"end":{"line":29,"column":null}},"12":{"start":{"line":77,"column":20},"end":{"line":77,"column":null}},"13":{"start":{"line":111,"column":30},"end":{"line":111,"column":null}},"14":{"start":{"line":112,"column":30},"end":{"line":114,"column":null}},"15":{"start":{"line":113,"column":32},"end":{"line":113,"column":null}}},"fnMap":{"0":{"name":"ApiKeysPage","decl":{"start":{"line":12,"column":30},"end":{"line":12,"column":null}},"loc":{"start":{"line":12,"column":30},"end":{"line":159,"column":1}}},"1":{"name":"(anonymous_5)","decl":{"start":{"line":76,"column":31},"end":{"line":76,"column":32}},"loc":{"start":{"line":77,"column":20},"end":{"line":77,"column":null}}},"2":{"name":"(anonymous_6)","decl":{"start":{"line":110,"column":37},"end":{"line":110,"column":38}},"loc":{"start":{"line":110,"column":38},"end":{"line":115,"column":null}}}},"branchMap":{"0":{"loc":{"start":{"line":20,"column":2},"end":{"line":22,"column":null}},"type":"if","locations":[{"start":{"line":20,"column":2},"end":{"line":22,"column":null}}]},"1":{"loc":{"start":{"line":54,"column":12},"end":{"line":127,"column":13}},"type":"cond-expr","locations":[{"start":{"line":54,"column":12},"end":{"line":127,"column":13}}]},"2":{"loc":{"start":{"line":53,"column":11},"end":{"line":53,"column":null}},"type":"binary-expr","locations":[{"start":{"line":53,"column":11},"end":{"line":53,"column":22}},{"start":{"line":53,"column":22},"end":{"line":53,"column":null}}]},"3":{"loc":{"start":{"line":101,"column":27},"end":{"line":101,"column":null}},"type":"cond-expr","locations":[{"start":{"line":101,"column":49},"end":{"line":101,"column":102}},{"start":{"line":101,"column":102},"end":{"line":101,"column":null}}]},"4":{"loc":{"start":{"line":112,"column":30},"end":{"line":114,"column":null}},"type":"if","locations":[{"start":{"line":112,"column":30},"end":{"line":114,"column":null}}]}},"s":{"0":0,"1":0,"2":0,"3":0,"4":0,"5":0,"6":0,"7":0,"8":0,"9":0,"10":0,"11":0,"12":0,"13":0,"14":0,"15":0},"f":{"0":0,"1":0,"2":0},"b":{"0":[0],"1":[0],"2":[0,0],"3":[0,0],"4":[0]}}
,"/Users/kooshapari/temp-PRODVERCEL/localbase/localbase-frontend/app/(dashboard)/api-keys/new/page.tsx": {"path":"/Users/kooshapari/temp-PRODVERCEL/localbase/localbase-frontend/app/(dashboard)/api-keys/new/page.tsx","statementMap":{"0":{"start":{"line":13,"column":30},"end":{"line":13,"column":null}},"1":{"start":{"line":8,"column":13},"end":{"line":8,"column":21}},"2":{"start":{"line":1,"column":18},"end":{"line":1,"column":null}},"3":{"start":{"line":3,"column":44},"end":{"line":3,"column":null}},"4":{"start":{"line":4,"column":24},"end":{"line":4,"column":null}},"5":{"start":{"line":5,"column":25},"end":{"line":5,"column":null}},"6":{"start":{"line":6,"column":29},"end":{"line":6,"column":null}},"7":{"start":{"line":8,"column":34},"end":{"line":11,"column":null}},"8":{"start":{"line":15,"column":19},"end":{"line":15,"column":null}},"9":{"start":{"line":18,"column":32},"end":{"line":18,"column":null}},"10":{"start":{"line":21,"column":2},"end":{"line":23,"column":null}},"11":{"start":{"line":22,"column":4},"end":{"line":22,"column":null}}},"fnMap":{"0":{"name":"CreateApiKeyPage","decl":{"start":{"line":13,"column":30},"end":{"line":13,"column":null}},"loc":{"start":{"line":13,"column":30},"end":{"line":94,"column":1}}}},"branchMap":{"0":{"loc":{"start":{"line":21,"column":2},"end":{"line":23,"column":null}},"type":"if","locations":[{"start":{"line":21,"column":2},"end":{"line":23,"column":null}}]}},"s":{"0":0,"1":0,"2":0,"3":0,"4":0,"5":0,"6":0,"7":0,"8":0,"9":0,"10":0,"11":0},"f":{"0":0},"b":{"0":[0]}}
,"/Users/kooshapari/temp-PRODVERCEL/localbase/localbase-frontend/app/(dashboard)/dashboard/page.tsx": {"path":"/Users/kooshapari/temp-PRODVERCEL/localbase/localbase-frontend/app/(dashboard)/dashboard/page.tsx","statementMap":{"0":{"start":{"line":12,"column":30},"end":{"line":12,"column":null}},"1":{"start":{"line":7,"column":13},"end":{"line":7,"column":21}},"2":{"start":{"line":1,"column":18},"end":{"line":1,"column":null}},"3":{"start":{"line":3,"column":44},"end":{"line":3,"column":null}},"4":{"start":{"line":4,"column":24},"end":{"line":4,"column":null}},"5":{"start":{"line":5,"column":25},"end":{"line":5,"column":null}},"6":{"start":{"line":7,"column":34},"end":{"line":10,"column":null}},"7":{"start":{"line":14,"column":19},"end":{"line":14,"column":null}},"8":{"start":{"line":17,"column":32},"end":{"line":17,"column":null}},"9":{"start":{"line":20,"column":2},"end":{"line":22,"column":null}},"10":{"start":{"line":21,"column":4},"end":{"line":21,"column":null}},"11":{"start":{"line":25,"column":28},"end":{"line":29,"column":null}},"12":{"start":{"line":32,"column":31},"end":{"line":37,"column":null}},"13":{"start":{"line":108,"column":18},"end":{"line":108,"column":null}}},"fnMap":{"0":{"name":"DashboardPage","decl":{"start":{"line":12,"column":30},"end":{"line":12,"column":null}},"loc":{"start":{"line":12,"column":30},"end":{"line":149,"column":1}}},"1":{"name":"(anonymous_5)","decl":{"start":{"line":107,"column":32},"end":{"line":107,"column":33}},"loc":{"start":{"line":108,"column":18},"end":{"line":108,"column":null}}}},"branchMap":{"0":{"loc":{"start":{"line":20,"column":2},"end":{"line":22,"column":null}},"type":"if","locations":[{"start":{"line":20,"column":2},"end":{"line":22,"column":null}}]},"1":{"loc":{"start":{"line":46,"column":58},"end":{"line":46,"column":98}},"type":"binary-expr","locations":[{"start":{"line":46,"column":58},"end":{"line":46,"column":80}},{"start":{"line":46,"column":80},"end":{"line":46,"column":98}}]},"2":{"loc":{"start":{"line":48,"column":13},"end":{"line":48,"column":null}},"type":"cond-expr","locations":[{"start":{"line":48,"column":36},"end":{"line":48,"column":57}},{"start":{"line":48,"column":57},"end":{"line":48,"column":null}}]},"3":{"loc":{"start":{"line":56,"column":54},"end":{"line":56,"column":null}},"type":"binary-expr","locations":[{"start":{"line":56,"column":54},"end":{"line":56,"column":76}},{"start":{"line":56,"column":76},"end":{"line":56,"column":null}}]},"4":{"loc":{"start":{"line":71,"column":13},"end":{"line":71,"column":null}},"type":"binary-expr","locations":[{"start":{"line":71,"column":13},"end":{"line":71,"column":null}}]},"5":{"loc":{"start":{"line":85,"column":10},"end":{"line":139,"column":11}},"type":"cond-expr","locations":[{"start":{"line":85,"column":10},"end":{"line":139,"column":11}}]},"6":{"loc":{"start":{"line":84,"column":9},"end":{"line":84,"column":null}},"type":"binary-expr","locations":[{"start":{"line":84,"column":9},"end":{"line":84,"column":23}},{"start":{"line":84,"column":23},"end":{"line":84,"column":null}}]},"7":{"loc":{"start":{"line":117,"column":24},"end":{"line":120,"column":null}},"type":"cond-expr","locations":[{"start":{"line":117,"column":53},"end":{"line":117,"column":null}},{"start":{"line":118,"column":24},"end":{"line":120,"column":null}}]},"8":{"loc":{"start":{"line":118,"column":24},"end":{"line":120,"column":null}},"type":"cond-expr","locations":[{"start":{"line":118,"column":50},"end":{"line":118,"column":null}},{"start":{"line":119,"column":24},"end":{"line":120,"column":null}}]},"9":{"loc":{"start":{"line":119,"column":24},"end":{"line":120,"column":null}},"type":"cond-expr","locations":[{"start":{"line":119,"column":54},"end":{"line":119,"column":null}},{"start":{"line":120,"column":24},"end":{"line":120,"column":null}}]}},"s":{"0":0,"1":0,"2":0,"3":0,"4":0,"5":0,"6":0,"7":0,"8":0,"9":0,"10":0,"11":0,"12":0,"13":0},"f":{"0":0,"1":0},"b":{"0":[0],"1":[0,0],"2":[0,0],"3":[0,0],"4":[0],"5":[0],"6":[0,0],"7":[0,0],"8":[0,0],"9":[0,0]}}
,"/Users/kooshapari/temp-PRODVERCEL/localbase/localbase-frontend/app/(dashboard)/jobs/page.tsx": {"path":"/Users/kooshapari/temp-PRODVERCEL/localbase/localbase-frontend/app/(dashboard)/jobs/page.tsx","statementMap":{"0":{"start":{"line":13,"column":30},"end":{"line":13,"column":39}},"1":{"start":{"line":8,"column":13},"end":{"line":8,"column":21}},"2":{"start":{"line":1,"column":18},"end":{"line":1,"column":null}},"3":{"start":{"line":3,"column":44},"end":{"line":3,"column":null}},"4":{"start":{"line":4,"column":24},"end":{"line":4,"column":null}},"5":{"start":{"line":5,"column":25},"end":{"line":5,"column":null}},"6":{"start":{"line":6,"column":17},"end":{"line":6,"column":null}},"7":{"start":{"line":8,"column":34},"end":{"line":11,"column":null}},"8":{"start":{"line":19,"column":19},"end":{"line":19,"column":null}},"9":{"start":{"line":22,"column":32},"end":{"line":22,"column":null}},"10":{"start":{"line":25,"column":2},"end":{"line":27,"column":null}},"11":{"start":{"line":26,"column":4},"end":{"line":26,"column":null}},"12":{"start":{"line":30,"column":17},"end":{"line":30,"column":null}},"13":{"start":{"line":31,"column":15},"end":{"line":31,"column":null}},"14":{"start":{"line":32,"column":19},"end":{"line":32,"column":null}},"15":{"start":{"line":35,"column":14},"end":{"line":39,"column":null}},"16":{"start":{"line":42,"column":2},"end":{"line":44,"column":null}},"17":{"start":{"line":43,"column":4},"end":{"line":43,"column":null}},"18":{"start":{"line":47,"column":15},"end":{"line":47,"column":null}},"19":{"start":{"line":48,"column":13},"end":{"line":48,"column":null}},"20":{"start":{"line":49,"column":2},"end":{"line":49,"column":null}},"21":{"start":{"line":52,"column":39},"end":{"line":52,"column":null}},"22":{"start":{"line":55,"column":21},"end":{"line":55,"column":null}},"23":{"start":{"line":133,"column":14},"end":{"line":133,"column":null}},"24":{"start":{"line":250,"column":62},"end":{"line":250,"column":69}},"25":{"start":{"line":251,"column":18},"end":{"line":252,"column":null}}},"fnMap":{"0":{"name":"JobsPage","decl":{"start":{"line":13,"column":30},"end":{"line":13,"column":39}},"loc":{"start":{"line":17,"column":1},"end":{"line":282,"column":1}}},"1":{"name":"(anonymous_5)","decl":{"start":{"line":132,"column":22},"end":{"line":132,"column":23}},"loc":{"start":{"line":133,"column":14},"end":{"line":133,"column":null}}},"2":{"name":"(anonymous_6)","decl":{"start":{"line":250,"column":52},"end":{"line":250,"column":53}},"loc":{"start":{"line":250,"column":62},"end":{"line":250,"column":69}}},"3":{"name":"(anonymous_7)","decl":{"start":{"line":250,"column":73},"end":{"line":250,"column":74}},"loc":{"start":{"line":251,"column":18},"end":{"line":252,"column":null}}}},"branchMap":{"0":{"loc":{"start":{"line":25,"column":2},"end":{"line":27,"column":null}},"type":"if","locations":[{"start":{"line":25,"column":2},"end":{"line":27,"column":null}}]},"1":{"loc":{"start":{"line":30,"column":17},"end":{"line":30,"column":null}},"type":"binary-expr","locations":[{"start":{"line":30,"column":17},"end":{"line":30,"column":36}},{"start":{"line":30,"column":40},"end":{"line":30,"column":null}}]},"2":{"loc":{"start":{"line":31,"column":24},"end":{"line":31,"column":50}},"type":"binary-expr","locations":[{"start":{"line":31,"column":24},"end":{"line":31,"column":41}},{"start":{"line":31,"column":45},"end":{"line":31,"column":50}}]},"3":{"loc":{"start":{"line":42,"column":2},"end":{"line":44,"column":null}},"type":"if","locations":[{"start":{"line":42,"column":2},"end":{"line":44,"column":null}}]},"4":{"loc":{"start":{"line":55,"column":21},"end":{"line":55,"column":null}},"type":"cond-expr","locations":[{"start":{"line":55,"column":29},"end":{"line":55,"column":59}},{"start":{"line":55,"column":59},"end":{"line":55,"column":null}}]},"5":{"loc":{"start":{"line":78,"column":14},"end":{"line":80,"column":null}},"type":"cond-expr","locations":[{"start":{"line":79,"column":18},"end":{"line":79,"column":null}},{"start":{"line":80,"column":18},"end":{"line":80,"column":null}}]},"6":{"loc":{"start":{"line":88,"column":14},"end":{"line":90,"column":null}},"type":"cond-expr","locations":[{"start":{"line":89,"column":18},"end":{"line":89,"column":null}},{"start":{"line":90,"column":18},"end":{"line":90,"column":null}}]},"7":{"loc":{"start":{"line":98,"column":14},"end":{"line":100,"column":null}},"type":"cond-expr","locations":[{"start":{"line":99,"column":18},"end":{"line":99,"column":null}},{"start":{"line":100,"column":18},"end":{"line":100,"column":null}}]},"8":{"loc":{"start":{"line":108,"column":14},"end":{"line":110,"column":null}},"type":"cond-expr","locations":[{"start":{"line":109,"column":18},"end":{"line":109,"column":null}},{"start":{"line":110,"column":18},"end":{"line":110,"column":null}}]},"9":{"loc":{"start":{"line":118,"column":14},"end":{"line":120,"column":null}},"type":"cond-expr","locations":[{"start":{"line":119,"column":18},"end":{"line":119,"column":null}},{"start":{"line":120,"column":18},"end":{"line":120,"column":null}}]},"10":{"loc":{"start":{"line":130,"column":8},"end":{"line":191,"column":9}},"type":"cond-expr","locations":[{"start":{"line":130,"column":8},"end":{"line":191,"column":9}}]},"11":{"loc":{"start":{"line":129,"column":7},"end":{"line":129,"column":null}},"type":"binary-expr","locations":[{"start":{"line":129,"column":7},"end":{"line":129,"column":15}},{"start":{"line":129,"column":15},"end":{"line":129,"column":null}}]},"12":{"loc":{"start":{"line":139,"column":27},"end":{"line":139,"column":59}},"type":"binary-expr","locations":[{"start":{"line":139,"column":27},"end":{"line":139,"column":47}},{"start":{"line":139,"column":47},"end":{"line":139,"column":59}}]},"13":{"loc":{"start":{"line":143,"column":28},"end":{"line":146,"column":null}},"type":"cond-expr","locations":[{"start":{"line":143,"column":57},"end":{"line":143,"column":null}},{"start":{"line":144,"column":28},"end":{"line":146,"column":null}}]},"14":{"loc":{"start":{"line":144,"column":28},"end":{"line":146,"column":null}},"type":"cond-expr","locations":[{"start":{"line":144,"column":54},"end":{"line":144,"column":null}},{"start":{"line":145,"column":28},"end":{"line":146,"column":null}}]},"15":{"loc":{"start":{"line":145,"column":28},"end":{"line":146,"column":null}},"type":"cond-expr","locations":[{"start":{"line":145,"column":58},"end":{"line":145,"column":null}},{"start":{"line":146,"column":28},"end":{"line":146,"column":null}}]},"16":{"loc":{"start":{"line":166,"column":25},"end":{"line":166,"column":41}},"type":"binary-expr","locations":[{"start":{"line":166,"column":25},"end":{"line":166,"column":41}},{"start":{"line":166,"column":45},"end":{"line":166,"column":62}}]},"17":{"loc":{"start":{"line":193,"column":13},"end":{"line":195,"column":66}},"type":"cond-expr","locations":[{"start":{"line":194,"column":16},"end":{"line":194,"column":null}},{"start":{"line":195,"column":16},"end":{"line":195,"column":66}}]},"18":{"loc":{"start":{"line":195,"column":22},"end":{"line":195,"column":53}},"type":"cond-expr","locations":[{"start":{"line":195,"column":41},"end":{"line":195,"column":50}},{"start":{"line":195,"column":50},"end":{"line":195,"column":53}}]},"19":{"loc":{"start":{"line":207,"column":7},"end":{"line":207,"column":null}},"type":"binary-expr","locations":[{"start":{"line":207,"column":7},"end":{"line":207,"column":null}}]},"20":{"loc":{"start":{"line":211,"column":51},"end":{"line":211,"column":75}},"type":"cond-expr","locations":[{"start":{"line":211,"column":62},"end":{"line":211,"column":73}},{"start":{"line":211,"column":73},"end":{"line":211,"column":75}}]},"21":{"loc":{"start":{"line":213,"column":16},"end":{"line":213,"column":null}},"type":"cond-expr","locations":[{"start":{"line":213,"column":28},"end":{"line":213,"column":62}},{"start":{"line":213,"column":62},"end":{"line":213,"column":null}}]},"22":{"loc":{"start":{"line":219,"column":51},"end":{"line":219,"column":93}},"type":"cond-expr","locations":[{"start":{"line":219,"column":71},"end":{"line":219,"column":82}},{"start":{"line":219,"column":82},"end":{"line":219,"column":93}}]},"23":{"loc":{"start":{"line":221,"column":16},"end":{"line":221,"column":null}},"type":"cond-expr","locations":[{"start":{"line":221,"column":37},"end":{"line":221,"column":71}},{"start":{"line":221,"column":71},"end":{"line":221,"column":null}}]},"24":{"loc":{"start":{"line":231,"column":64},"end":{"line":231,"column":83}},"type":"binary-expr","locations":[{"start":{"line":231,"column":64},"end":{"line":231,"column":73}},{"start":{"line":231,"column":73},"end":{"line":231,"column":83}}]},"25":{"loc":{"start":{"line":238,"column":55},"end":{"line":238,"column":79}},"type":"cond-expr","locations":[{"start":{"line":238,"column":66},"end":{"line":238,"column":77}},{"start":{"line":238,"column":77},"end":{"line":238,"column":79}}]},"26":{"loc":{"start":{"line":240,"column":20},"end":{"line":240,"column":null}},"type":"cond-expr","locations":[{"start":{"line":240,"column":32},"end":{"line":240,"column":66}},{"start":{"line":240,"column":66},"end":{"line":240,"column":null}}]},"27":{"loc":{"start":{"line":255,"column":22},"end":{"line":257,"column":null}},"type":"cond-expr","locations":[{"start":{"line":256,"column":26},"end":{"line":256,"column":null}},{"start":{"line":257,"column":26},"end":{"line":257,"column":null}}]},"28":{"loc":{"start":{"line":265,"column":55},"end":{"line":265,"column":97}},"type":"cond-expr","locations":[{"start":{"line":265,"column":75},"end":{"line":265,"column":86}},{"start":{"line":265,"column":86},"end":{"line":265,"column":97}}]},"29":{"loc":{"start":{"line":267,"column":20},"end":{"line":267,"column":null}},"type":"cond-expr","locations":[{"start":{"line":267,"column":41},"end":{"line":267,"column":75}},{"start":{"line":267,"column":75},"end":{"line":267,"column":null}}]}},"s":{"0":0,"1":0,"2":0,"3":0,"4":0,"5":0,"6":0,"7":0,"8":0,"9":0,"10":0,"11":0,"12":0,"13":0,"14":0,"15":0,"16":0,"17":0,"18":0,"19":0,"20":0,"21":0,"22":0,"23":0,"24":0,"25":0},"f":{"0":0,"1":0,"2":0,"3":0},"b":{"0":[0],"1":[0,0],"2":[0,0],"3":[0],"4":[0,0],"5":[0,0],"6":[0,0],"7":[0,0],"8":[0,0],"9":[0,0],"10":[0],"11":[0,0],"12":[0,0],"13":[0,0],"14":[0,0],"15":[0,0],"16":[0,0],"17":[0,0],"18":[0,0],"19":[0],"20":[0,0],"21":[0,0],"22":[0,0],"23":[0,0],"24":[0,0],"25":[0,0],"26":[0,0],"27":[0,0],"28":[0,0],"29":[0,0]}}
,"/Users/kooshapari/temp-PRODVERCEL/localbase/localbase-frontend/app/(dashboard)/jobs/[id]/page.tsx": {"path":"/Users/kooshapari/temp-PRODVERCEL/localbase/localbase-frontend/app/(dashboard)/jobs/[id]/page.tsx","statementMap":{"0":{"start":{"line":15,"column":30},"end":{"line":15,"column":44}},"1":{"start":{"line":8,"column":22},"end":{"line":8,"column":38}},"2":{"start":{"line":1,"column":18},"end":{"line":1,"column":null}},"3":{"start":{"line":3,"column":44},"end":{"line":3,"column":null}},"4":{"start":{"line":4,"column":24},"end":{"line":4,"column":null}},"5":{"start":{"line":5,"column":35},"end":{"line":5,"column":null}},"6":{"start":{"line":6,"column":17},"end":{"line":6,"column":null}},"7":{"start":{"line":9,"column":2},"end":{"line":12,"column":null}},"8":{"start":{"line":16,"column":16},"end":{"line":16,"column":25}},"9":{"start":{"line":19,"column":19},"end":{"line":19,"column":null}},"10":{"start":{"line":22,"column":32},"end":{"line":22,"column":null}},"11":{"start":{"line":25,"column":2},"end":{"line":27,"column":null}},"12":{"start":{"line":26,"column":4},"end":{"line":26,"column":null}},"13":{"start":{"line":30,"column":31},"end":{"line":39,"column":null}},"14":{"start":{"line":42,"column":2},"end":{"line":44,"column":null}},"15":{"start":{"line":43,"column":4},"end":{"line":43,"column":null}},"16":{"start":{"line":47,"column":25},"end":{"line":58,"column":null}},"17":{"start":{"line":48,"column":4},"end":{"line":57,"column":null}},"18":{"start":{"line":50,"column":8},"end":{"line":50,"column":null}},"19":{"start":{"line":52,"column":8},"end":{"line":52,"column":null}},"20":{"start":{"line":54,"column":8},"end":{"line":54,"column":null}},"21":{"start":{"line":56,"column":8},"end":{"line":56,"column":null}},"22":{"start":{"line":210,"column":22},"end":{"line":210,"column":null}},"23":{"start":{"line":211,"column":22},"end":{"line":211,"column":null}}},"fnMap":{"0":{"name":"generateMetadata","decl":{"start":{"line":8,"column":22},"end":{"line":8,"column":38}},"loc":{"start":{"line":8,"column":77},"end":{"line":13,"column":null}}},"1":{"name":"JobDetailPage","decl":{"start":{"line":15,"column":30},"end":{"line":15,"column":44}},"loc":{"start":{"line":15,"column":82},"end":{"line":258,"column":1}}},"2":{"name":"(anonymous_6)","decl":{"start":{"line":47,"column":25},"end":{"line":47,"column":26}},"loc":{"start":{"line":47,"column":26},"end":{"line":58,"column":null}}},"3":{"name":"(anonymous_7)","decl":{"start":{"line":209,"column":29},"end":{"line":209,"column":null}},"loc":{"start":{"line":209,"column":29},"end":{"line":212,"column":null}}}},"branchMap":{"0":{"loc":{"start":{"line":25,"column":2},"end":{"line":27,"column":null}},"type":"if","locations":[{"start":{"line":25,"column":2},"end":{"line":27,"column":null}}]},"1":{"loc":{"start":{"line":42,"column":2},"end":{"line":44,"column":null}},"type":"if","locations":[{"start":{"line":42,"column":2},"end":{"line":44,"column":null}}]},"2":{"loc":{"start":{"line":42,"column":6},"end":{"line":42,"column":21}},"type":"binary-expr","locations":[{"start":{"line":42,"column":6},"end":{"line":42,"column":15}},{"start":{"line":42,"column":15},"end":{"line":42,"column":21}}]},"3":{"loc":{"start":{"line":48,"column":4},"end":{"line":57,"column":null}},"type":"switch","locations":[{"start":{"line":49,"column":6},"end":{"line":50,"column":null}},{"start":{"line":51,"column":6},"end":{"line":52,"column":null}},{"start":{"line":53,"column":6},"end":{"line":54,"column":null}},{"start":{"line":55,"column":6},"end":{"line":56,"column":null}}]},"4":{"loc":{"start":{"line":95,"column":62},"end":{"line":95,"column":94}},"type":"binary-expr","locations":[{"start":{"line":95,"column":62},"end":{"line":95,"column":82}},{"start":{"line":95,"column":82},"end":{"line":95,"column":94}}]},"5":{"loc":{"start":{"line":99,"column":62},"end":{"line":99,"column":100}},"type":"binary-expr","locations":[{"start":{"line":99,"column":62},"end":{"line":99,"column":85}},{"start":{"line":99,"column":85},"end":{"line":99,"column":100}}]},"6":{"loc":{"start":{"line":108,"column":21},"end":{"line":108,"column":null}},"type":"cond-expr","locations":[{"start":{"line":108,"column":40},"end":{"line":108,"column":86}},{"start":{"line":108,"column":86},"end":{"line":108,"column":null}}]},"7":{"loc":{"start":{"line":113,"column":62},"end":{"line":113,"column":null}},"type":"binary-expr","locations":[{"start":{"line":113,"column":62},"end":{"line":113,"column":78}},{"start":{"line":113,"column":82},"end":{"line":113,"column":null}}]},"8":{"loc":{"start":{"line":117,"column":62},"end":{"line":117,"column":null}},"type":"binary-expr","locations":[{"start":{"line":117,"column":62},"end":{"line":117,"column":79}},{"start":{"line":117,"column":83},"end":{"line":117,"column":null}}]},"9":{"loc":{"start":{"line":122,"column":21},"end":{"line":122,"column":null}},"type":"cond-expr","locations":[{"start":{"line":122,"column":32},"end":{"line":122,"column":57}},{"start":{"line":122,"column":60},"end":{"line":122,"column":null}}]},"10":{"loc":{"start":{"line":127,"column":62},"end":{"line":127,"column":null}},"type":"binary-expr","locations":[{"start":{"line":127,"column":62},"end":{"line":127,"column":87}},{"start":{"line":127,"column":87},"end":{"line":127,"column":null}}]},"11":{"loc":{"start":{"line":143,"column":15},"end":{"line":143,"column":29}},"type":"binary-expr","locations":[{"start":{"line":143,"column":15},"end":{"line":143,"column":29}}]},"12":{"loc":{"start":{"line":161,"column":16},"end":{"line":164,"column":22}},"type":"cond-expr","locations":[{"start":{"line":161,"column":16},"end":{"line":164,"column":22}}]},"13":{"loc":{"start":{"line":165,"column":16},"end":{"line":170,"column":17}},"type":"cond-expr","locations":[{"start":{"line":165,"column":16},"end":{"line":170,"column":17}}]},"14":{"loc":{"start":{"line":167,"column":39},"end":{"line":167,"column":null}},"type":"binary-expr","locations":[{"start":{"line":167,"column":39},"end":{"line":167,"column":48}},{"start":{"line":167,"column":52},"end":{"line":167,"column":null}}]},"15":{"loc":{"start":{"line":171,"column":19},"end":{"line":171,"column":null}},"type":"cond-expr","locations":[{"start":{"line":171,"column":49},"end":{"line":171,"column":84}},{"start":{"line":171,"column":84},"end":{"line":171,"column":null}}]},"16":{"loc":{"start":{"line":193,"column":17},"end":{"line":193,"column":null}},"type":"binary-expr","locations":[{"start":{"line":193,"column":17},"end":{"line":193,"column":null}}]},"17":{"loc":{"start":{"line":205,"column":17},"end":{"line":205,"column":null}},"type":"binary-expr","locations":[{"start":{"line":205,"column":17},"end":{"line":205,"column":null}}]},"18":{"loc":{"start":{"line":210,"column":52},"end":{"line":210,"column":null}},"type":"binary-expr","locations":[{"start":{"line":210,"column":52},"end":{"line":210,"column":62}},{"start":{"line":210,"column":66},"end":{"line":210,"column":null}}]},"19":{"loc":{"start":{"line":230,"column":62},"end":{"line":230,"column":94}},"type":"binary-expr","locations":[{"start":{"line":230,"column":62},"end":{"line":230,"column":82}},{"start":{"line":230,"column":82},"end":{"line":230,"column":94}}]},"20":{"loc":{"start":{"line":232,"column":17},"end":{"line":232,"column":null}},"type":"binary-expr","locations":[{"start":{"line":232,"column":17},"end":{"line":232,"column":null}}]},"21":{"loc":{"start":{"line":240,"column":62},"end":{"line":240,"column":100}},"type":"binary-expr","locations":[{"start":{"line":240,"column":62},"end":{"line":240,"column":85}},{"start":{"line":240,"column":85},"end":{"line":240,"column":100}}]}},"s":{"0":0,"1":0,"2":0,"3":0,"4":0,"5":0,"6":0,"7":0,"8":0,"9":0,"10":0,"11":0,"12":0,"13":0,"14":0,"15":0,"16":0,"17":0,"18":0,"19":0,"20":0,"21":0,"22":0,"23":0},"f":{"0":0,"1":0,"2":0,"3":0},"b":{"0":[0],"1":[0],"2":[0,0],"3":[0,0,0,0],"4":[0,0],"5":[0,0],"6":[0,0],"7":[0,0],"8":[0,0],"9":[0,0],"10":[0,0],"11":[0],"12":[0],"13":[0],"14":[0,0],"15":[0,0],"16":[0],"17":[0],"18":[0,0],"19":[0,0],"20":[0],"21":[0,0]}}
,"/Users/kooshapari/temp-PRODVERCEL/localbase/localbase-frontend/app/(dashboard)/jobs/new/page.tsx": {"path":"/Users/kooshapari/temp-PRODVERCEL/localbase/localbase-frontend/app/(dashboard)/jobs/new/page.tsx","statementMap":{"0":{"start":{"line":14,"column":30},"end":{"line":14,"column":44}},"1":{"start":{"line":9,"column":13},"end":{"line":9,"column":21}},"2":{"start":{"line":1,"column":18},"end":{"line":1,"column":null}},"3":{"start":{"line":3,"column":44},"end":{"line":3,"column":null}},"4":{"start":{"line":4,"column":24},"end":{"line":4,"column":null}},"5":{"start":{"line":5,"column":25},"end":{"line":5,"column":null}},"6":{"start":{"line":6,"column":17},"end":{"line":6,"column":null}},"7":{"start":{"line":7,"column":26},"end":{"line":7,"column":null}},"8":{"start":{"line":9,"column":34},"end":{"line":12,"column":null}},"9":{"start":{"line":20,"column":19},"end":{"line":20,"column":null}},"10":{"start":{"line":23,"column":32},"end":{"line":23,"column":null}},"11":{"start":{"line":26,"column":2},"end":{"line":28,"column":null}},"12":{"start":{"line":27,"column":4},"end":{"line":27,"column":null}},"13":{"start":{"line":31,"column":27},"end":{"line":43,"column":null}},"14":{"start":{"line":46,"column":17},"end":{"line":46,"column":null}},"15":{"start":{"line":47,"column":2},"end":{"line":56,"column":null}},"16":{"start":{"line":48,"column":26},"end":{"line":53,"column":null}},"17":{"start":{"line":55,"column":4},"end":{"line":55,"column":null}}},"fnMap":{"0":{"name":"CreateJobPage","decl":{"start":{"line":14,"column":30},"end":{"line":14,"column":44}},"loc":{"start":{"line":18,"column":1},"end":{"line":149,"column":1}}}},"branchMap":{"0":{"loc":{"start":{"line":26,"column":2},"end":{"line":28,"column":null}},"type":"if","locations":[{"start":{"line":26,"column":2},"end":{"line":28,"column":null}}]},"1":{"loc":{"start":{"line":47,"column":2},"end":{"line":56,"column":null}},"type":"if","locations":[{"start":{"line":47,"column":2},"end":{"line":56,"column":null}}]},"2":{"loc":{"start":{"line":70,"column":9},"end":{"line":70,"column":null}},"type":"cond-expr","locations":[{"start":{"line":70,"column":20},"end":{"line":70,"column":34}},{"start":{"line":70,"column":34},"end":{"line":70,"column":null}}]},"3":{"loc":{"start":{"line":77,"column":20},"end":{"line":77,"column":32}},"type":"binary-expr","locations":[{"start":{"line":77,"column":20},"end":{"line":77,"column":30}},{"start":{"line":77,"column":30},"end":{"line":77,"column":32}}]}},"s":{"0":0,"1":0,"2":0,"3":0,"4":0,"5":0,"6":0,"7":0,"8":0,"9":0,"10":0,"11":0,"12":0,"13":0,"14":0,"15":0,"16":0,"17":0},"f":{"0":0},"b":{"0":[0],"1":[0],"2":[0,0],"3":[0,0]}}
,"/Users/kooshapari/temp-PRODVERCEL/localbase/localbase-frontend/app/(dashboard)/profile/page.tsx": {"path":"/Users/kooshapari/temp-PRODVERCEL/localbase/localbase-frontend/app/(dashboard)/profile/page.tsx","statementMap":{"0":{"start":{"line":12,"column":30},"end":{"line":12,"column":null}},"1":{"start":{"line":7,"column":13},"end":{"line":7,"column":21}},"2":{"start":{"line":1,"column":18},"end":{"line":1,"column":null}},"3":{"start":{"line":3,"column":44},"end":{"line":3,"column":null}},"4":{"start":{"line":4,"column":24},"end":{"line":4,"column":null}},"5":{"start":{"line":5,"column":25},"end":{"line":5,"column":null}},"6":{"start":{"line":7,"column":34},"end":{"line":10,"column":null}},"7":{"start":{"line":14,"column":19},"end":{"line":14,"column":null}},"8":{"start":{"line":17,"column":32},"end":{"line":17,"column":null}},"9":{"start":{"line":20,"column":2},"end":{"line":22,"column":null}},"10":{"start":{"line":21,"column":4},"end":{"line":21,"column":null}},"11":{"start":{"line":25,"column":28},"end":{"line":29,"column":null}}},"fnMap":{"0":{"name":"ProfilePage","decl":{"start":{"line":12,"column":30},"end":{"line":12,"column":null}},"loc":{"start":{"line":12,"column":30},"end":{"line":140,"column":1}}}},"branchMap":{"0":{"loc":{"start":{"line":20,"column":2},"end":{"line":22,"column":null}},"type":"if","locations":[{"start":{"line":20,"column":2},"end":{"line":22,"column":null}}]},"1":{"loc":{"start":{"line":40,"column":17},"end":{"line":40,"column":null}},"type":"binary-expr","locations":[{"start":{"line":40,"column":17},"end":{"line":40,"column":50}},{"start":{"line":40,"column":50},"end":{"line":40,"column":83}},{"start":{"line":40,"column":83},"end":{"line":40,"column":null}}]},"2":{"loc":{"start":{"line":45,"column":54},"end":{"line":45,"column":null}},"type":"binary-expr","locations":[{"start":{"line":45,"column":54},"end":{"line":45,"column":76}},{"start":{"line":45,"column":76},"end":{"line":45,"column":null}}]},"3":{"loc":{"start":{"line":48,"column":31},"end":{"line":48,"column":null}},"type":"cond-expr","locations":[{"start":{"line":48,"column":54},"end":{"line":48,"column":67}},{"start":{"line":48,"column":67},"end":{"line":48,"column":null}}]},"4":{"loc":{"start":{"line":69,"column":19},"end":{"line":69,"column":null}},"type":"binary-expr","locations":[{"start":{"line":69,"column":19},"end":{"line":69,"column":41}},{"start":{"line":69,"column":41},"end":{"line":69,"column":null}}]},"5":{"loc":{"start":{"line":76,"column":19},"end":{"line":76,"column":null}},"type":"cond-expr","locations":[{"start":{"line":76,"column":42},"end":{"line":76,"column":62}},{"start":{"line":76,"column":62},"end":{"line":76,"column":null}}]},"6":{"loc":{"start":{"line":95,"column":13},"end":{"line":95,"column":null}},"type":"binary-expr","locations":[{"start":{"line":95,"column":13},"end":{"line":95,"column":null}}]},"7":{"loc":{"start":{"line":123,"column":17},"end":{"line":123,"column":null}},"type":"binary-expr","locations":[{"start":{"line":123,"column":17},"end":{"line":123,"column":82}},{"start":{"line":123,"column":82},"end":{"line":123,"column":null}}]},"8":{"loc":{"start":{"line":123,"column":26},"end":{"line":123,"column":62}},"type":"binary-expr","locations":[{"start":{"line":123,"column":26},"end":{"line":123,"column":54}},{"start":{"line":123,"column":58},"end":{"line":123,"column":62}}]}},"s":{"0":0,"1":0,"2":0,"3":0,"4":0,"5":0,"6":0,"7":0,"8":0,"9":0,"10":0,"11":0},"f":{"0":0},"b":{"0":[0],"1":[0,0,0],"2":[0,0],"3":[0,0],"4":[0,0],"5":[0,0],"6":[0],"7":[0,0],"8":[0,0]}}
,"/Users/kooshapari/temp-PRODVERCEL/localbase/localbase-frontend/app/actions/api-keys.ts": {"path":"/Users/kooshapari/temp-PRODVERCEL/localbase/localbase-frontend/app/actions/api-keys.ts","statementMap":{"0":{"start":{"line":7,"column":22},"end":{"line":7,"column":34}},"1":{"start":{"line":48,"column":22},"end":{"line":48,"column":34}},"2":{"start":{"line":3,"column":41},"end":{"line":3,"column":null}},"3":{"start":{"line":4,"column":24},"end":{"line":4,"column":null}},"4":{"start":{"line":5,"column":29},"end":{"line":5,"column":null}},"5":{"start":{"line":8,"column":2},"end":{"line":45,"column":null}},"6":{"start":{"line":9,"column":21},"end":{"line":9,"column":null}},"7":{"start":{"line":12,"column":34},"end":{"line":12,"column":null}},"8":{"start":{"line":14,"column":4},"end":{"line":16,"column":null}},"9":{"start":{"line":15,"column":6},"end":{"line":15,"column":null}},"10":{"start":{"line":19,"column":19},"end":{"line":19,"column":53}},"11":{"start":{"line":22,"column":28},"end":{"line":34,"column":null}},"12":{"start":{"line":36,"column":4},"end":{"line":39,"column":null}},"13":{"start":{"line":37,"column":6},"end":{"line":37,"column":null}},"14":{"start":{"line":38,"column":6},"end":{"line":38,"column":null}},"15":{"start":{"line":41,"column":4},"end":{"line":41,"column":null}},"16":{"start":{"line":43,"column":4},"end":{"line":43,"column":null}},"17":{"start":{"line":44,"column":4},"end":{"line":44,"column":null}},"18":{"start":{"line":49,"column":2},"end":{"line":90,"column":null}},"19":{"start":{"line":50,"column":21},"end":{"line":50,"column":null}},"20":{"start":{"line":53,"column":34},"end":{"line":53,"column":null}},"21":{"start":{"line":55,"column":4},"end":{"line":57,"column":null}},"22":{"start":{"line":56,"column":6},"end":{"line":56,"column":null}},"23":{"start":{"line":60,"column":48},"end":{"line":64,"column":null}},"24":{"start":{"line":66,"column":4},"end":{"line":68,"column":null}},"25":{"start":{"line":67,"column":6},"end":{"line":67,"column":null}},"26":{"start":{"line":71,"column":4},"end":{"line":73,"column":null}},"27":{"start":{"line":72,"column":6},"end":{"line":72,"column":null}},"28":{"start":{"line":76,"column":22},"end":{"line":79,"column":null}},"29":{"start":{"line":81,"column":4},"end":{"line":84,"column":null}},"30":{"start":{"line":82,"column":6},"end":{"line":82,"column":null}},"31":{"start":{"line":83,"column":6},"end":{"line":83,"column":null}},"32":{"start":{"line":86,"column":4},"end":{"line":86,"column":null}},"33":{"start":{"line":88,"column":4},"end":{"line":88,"column":null}},"34":{"start":{"line":89,"column":4},"end":{"line":89,"column":null}}},"fnMap":{"0":{"name":"createApiKey","decl":{"start":{"line":7,"column":22},"end":{"line":7,"column":34}},"loc":{"start":{"line":7,"column":86},"end":{"line":46,"column":null}}},"1":{"name":"deleteApiKey","decl":{"start":{"line":48,"column":22},"end":{"line":48,"column":34}},"loc":{"start":{"line":48,"column":48},"end":{"line":91,"column":null}}}},"branchMap":{"0":{"loc":{"start":{"line":14,"column":4},"end":{"line":16,"column":null}},"type":"if","locations":[{"start":{"line":14,"column":4},"end":{"line":16,"column":null}}]},"1":{"loc":{"start":{"line":14,"column":8},"end":{"line":14,"column":48}},"type":"binary-expr","locations":[{"start":{"line":14,"column":8},"end":{"line":14,"column":20}},{"start":{"line":14,"column":20},"end":{"line":14,"column":48}}]},"2":{"loc":{"start":{"line":36,"column":4},"end":{"line":39,"column":null}},"type":"if","locations":[{"start":{"line":36,"column":4},"end":{"line":39,"column":null}}]},"3":{"loc":{"start":{"line":55,"column":4},"end":{"line":57,"column":null}},"type":"if","locations":[{"start":{"line":55,"column":4},"end":{"line":57,"column":null}}]},"4":{"loc":{"start":{"line":66,"column":4},"end":{"line":68,"column":null}},"type":"if","locations":[{"start":{"line":66,"column":4},"end":{"line":68,"column":null}}]},"5":{"loc":{"start":{"line":66,"column":8},"end":{"line":66,"column":31}},"type":"binary-expr","locations":[{"start":{"line":66,"column":8},"end":{"line":66,"column":22}},{"start":{"line":66,"column":22},"end":{"line":66,"column":31}}]},"6":{"loc":{"start":{"line":71,"column":4},"end":{"line":73,"column":null}},"type":"if","locations":[{"start":{"line":71,"column":4},"end":{"line":73,"column":null}}]},"7":{"loc":{"start":{"line":81,"column":4},"end":{"line":84,"column":null}},"type":"if","locations":[{"start":{"line":81,"column":4},"end":{"line":84,"column":null}}]}},"s":{"0":0,"1":0,"2":0,"3":0,"4":0,"5":0,"6":0,"7":0,"8":0,"9":0,"10":0,"11":0,"12":0,"13":0,"14":0,"15":0,"16":0,"17":0,"18":0,"19":0,"20":0,"21":0,"22":0,"23":0,"24":0,"25":0,"26":0,"27":0,"28":0,"29":0,"30":0,"31":0,"32":0,"33":0,"34":0},"f":{"0":0,"1":0},"b":{"0":[0],"1":[0,0],"2":[0],"3":[0],"4":[0],"5":[0,0],"6":[0],"7":[0]}}
,"/Users/kooshapari/temp-PRODVERCEL/localbase/localbase-frontend/app/actions/jobs.ts": {"path":"/Users/kooshapari/temp-PRODVERCEL/localbase/localbase-frontend/app/actions/jobs.ts","statementMap":{"0":{"start":{"line":90,"column":22},"end":{"line":90,"column":31}},"1":{"start":{"line":20,"column":22},"end":{"line":20,"column":31}},"2":{"start":{"line":3,"column":41},"end":{"line":3,"column":null}},"3":{"start":{"line":4,"column":24},"end":{"line":4,"column":null}},"4":{"start":{"line":21,"column":2},"end":{"line":87,"column":null}},"5":{"start":{"line":22,"column":21},"end":{"line":22,"column":null}},"6":{"start":{"line":25,"column":34},"end":{"line":25,"column":null}},"7":{"start":{"line":27,"column":4},"end":{"line":29,"column":null}},"8":{"start":{"line":28,"column":6},"end":{"line":28,"column":null}},"9":{"start":{"line":32,"column":47},"end":{"line":37,"column":null}},"10":{"start":{"line":39,"column":4},"end":{"line":41,"column":null}},"11":{"start":{"line":40,"column":6},"end":{"line":40,"column":null}},"12":{"start":{"line":44,"column":53},"end":{"line":49,"column":null}},"13":{"start":{"line":51,"column":4},"end":{"line":53,"column":null}},"14":{"start":{"line":52,"column":6},"end":{"line":52,"column":null}},"15":{"start":{"line":56,"column":43},"end":{"line":70,"column":null}},"16":{"start":{"line":72,"column":4},"end":{"line":75,"column":null}},"17":{"start":{"line":73,"column":6},"end":{"line":73,"column":null}},"18":{"start":{"line":74,"column":6},"end":{"line":74,"column":null}},"19":{"start":{"line":79,"column":4},"end":{"line":81,"column":null}},"20":{"start":{"line":80,"column":6},"end":{"line":80,"column":null}},"21":{"start":{"line":83,"column":4},"end":{"line":83,"column":null}},"22":{"start":{"line":85,"column":4},"end":{"line":85,"column":null}},"23":{"start":{"line":86,"column":4},"end":{"line":86,"column":null}},"24":{"start":{"line":91,"column":2},"end":{"line":137,"column":null}},"25":{"start":{"line":92,"column":21},"end":{"line":92,"column":null}},"26":{"start":{"line":95,"column":34},"end":{"line":95,"column":null}},"27":{"start":{"line":97,"column":4},"end":{"line":99,"column":null}},"28":{"start":{"line":98,"column":6},"end":{"line":98,"column":null}},"29":{"start":{"line":102,"column":45},"end":{"line":106,"column":null}},"30":{"start":{"line":108,"column":4},"end":{"line":110,"column":null}},"31":{"start":{"line":109,"column":6},"end":{"line":109,"column":null}},"32":{"start":{"line":113,"column":4},"end":{"line":115,"column":null}},"33":{"start":{"line":114,"column":6},"end":{"line":114,"column":null}},"34":{"start":{"line":118,"column":4},"end":{"line":120,"column":null}},"35":{"start":{"line":119,"column":6},"end":{"line":119,"column":null}},"36":{"start":{"line":123,"column":22},"end":{"line":126,"column":null}},"37":{"start":{"line":128,"column":4},"end":{"line":131,"column":null}},"38":{"start":{"line":129,"column":6},"end":{"line":129,"column":null}},"39":{"start":{"line":130,"column":6},"end":{"line":130,"column":null}},"40":{"start":{"line":133,"column":4},"end":{"line":133,"column":null}},"41":{"start":{"line":135,"column":4},"end":{"line":135,"column":null}},"42":{"start":{"line":136,"column":4},"end":{"line":136,"column":null}},"43":{"start":{"line":142,"column":19},"end":{"line":142,"column":null}},"44":{"start":{"line":144,"column":2},"end":{"line":231,"column":null}},"45":{"start":{"line":146,"column":4},"end":{"line":152,"column":null}},"46":{"start":{"line":155,"column":26},"end":{"line":159,"column":null}},"47":{"start":{"line":161,"column":4},"end":{"line":163,"column":null}},"48":{"start":{"line":162,"column":6},"end":{"line":162,"column":null}},"49":{"start":{"line":166,"column":4},"end":{"line":166,"column":null}},"50":{"start":{"line":166,"column":33},"end":{"line":166,"column":null}},"51":{"start":{"line":169,"column":18},"end":{"line":169,"column":27}},"52":{"start":{"line":170,"column":17},"end":{"line":170,"column":null}},"53":{"start":{"line":172,"column":4},"end":{"line":187,"column":null}},"54":{"start":{"line":173,"column":6},"end":{"line":173,"column":null}},"55":{"start":{"line":174,"column":6},"end":{"line":174,"column":null}},"56":{"start":{"line":175,"column":6},"end":{"line":175,"column":null}},"57":{"start":{"line":176,"column":6},"end":{"line":176,"column":null}},"58":{"start":{"line":177,"column":6},"end":{"line":177,"column":null}},"59":{"start":{"line":178,"column":6},"end":{"line":178,"column":null}},"60":{"start":{"line":180,"column":6},"end":{"line":180,"column":null}},"61":{"start":{"line":181,"column":6},"end":{"line":181,"column":null}},"62":{"start":{"line":182,"column":6},"end":{"line":182,"column":null}},"63":{"start":{"line":183,"column":6},"end":{"line":183,"column":null}},"64":{"start":{"line":184,"column":6},"end":{"line":184,"column":null}},"65":{"start":{"line":185,"column":6},"end":{"line":185,"column":null}},"66":{"start":{"line":186,"column":6},"end":{"line":186,"column":null}},"67":{"start":{"line":190,"column":24},"end":{"line":190,"column":null}},"68":{"start":{"line":191,"column":25},"end":{"line":191,"column":null}},"69":{"start":{"line":194,"column":28},"end":{"line":198,"column":null}},"70":{"start":{"line":200,"column":15},"end":{"line":200,"column":null}},"71":{"start":{"line":201,"column":4},"end":{"line":205,"column":null}},"72":{"start":{"line":202,"column":24},"end":{"line":202,"column":null}},"73":{"start":{"line":203,"column":25},"end":{"line":203,"column":null}},"74":{"start":{"line":204,"column":6},"end":{"line":204,"column":null}},"75":{"start":{"line":208,"column":4},"end":{"line":218,"column":null}},"76":{"start":{"line":220,"column":4},"end":{"line":220,"column":null}},"77":{"start":{"line":223,"column":4},"end":{"line":230,"column":null}}},"fnMap":{"0":{"name":"createJob","decl":{"start":{"line":20,"column":22},"end":{"line":20,"column":31}},"loc":{"start":{"line":20,"column":55},"end":{"line":88,"column":null}}},"1":{"name":"(anonymous_4)","decl":{"start":{"line":79,"column":15},"end":{"line":79,"column":null}},"loc":{"start":{"line":79,"column":15},"end":{"line":81,"column":7}}},"2":{"name":"cancelJob","decl":{"start":{"line":90,"column":22},"end":{"line":90,"column":31}},"loc":{"start":{"line":90,"column":45},"end":{"line":138,"column":null}}},"3":{"name":"simulateJobProcessing","decl":{"start":{"line":141,"column":15},"end":{"line":141,"column":37}},"loc":{"start":{"line":141,"column":50},"end":{"line":232,"column":null}}},"4":{"name":"(anonymous_7)","decl":{"start":{"line":166,"column":22},"end":{"line":166,"column":33}},"loc":{"start":{"line":166,"column":33},"end":{"line":166,"column":null}}}},"branchMap":{"0":{"loc":{"start":{"line":27,"column":4},"end":{"line":29,"column":null}},"type":"if","locations":[{"start":{"line":27,"column":4},"end":{"line":29,"column":null}}]},"1":{"loc":{"start":{"line":27,"column":8},"end":{"line":27,"column":53}},"type":"binary-expr","locations":[{"start":{"line":27,"column":8},"end":{"line":27,"column":20}},{"start":{"line":27,"column":20},"end":{"line":27,"column":53}}]},"2":{"loc":{"start":{"line":39,"column":4},"end":{"line":41,"column":null}},"type":"if","locations":[{"start":{"line":39,"column":4},"end":{"line":41,"column":null}}]},"3":{"loc":{"start":{"line":39,"column":8},"end":{"line":39,"column":30}},"type":"binary-expr","locations":[{"start":{"line":39,"column":8},"end":{"line":39,"column":22}},{"start":{"line":39,"column":22},"end":{"line":39,"column":30}}]},"4":{"loc":{"start":{"line":51,"column":4},"end":{"line":53,"column":null}},"type":"if","locations":[{"start":{"line":51,"column":4},"end":{"line":53,"column":null}}]},"5":{"loc":{"start":{"line":51,"column":8},"end":{"line":51,"column":36}},"type":"binary-expr","locations":[{"start":{"line":51,"column":8},"end":{"line":51,"column":25}},{"start":{"line":51,"column":25},"end":{"line":51,"column":36}}]},"6":{"loc":{"start":{"line":72,"column":4},"end":{"line":75,"column":null}},"type":"if","locations":[{"start":{"line":72,"column":4},"end":{"line":75,"column":null}}]},"7":{"loc":{"start":{"line":97,"column":4},"end":{"line":99,"column":null}},"type":"if","locations":[{"start":{"line":97,"column":4},"end":{"line":99,"column":null}}]},"8":{"loc":{"start":{"line":108,"column":4},"end":{"line":110,"column":null}},"type":"if","locations":[{"start":{"line":108,"column":4},"end":{"line":110,"column":null}}]},"9":{"loc":{"start":{"line":108,"column":8},"end":{"line":108,"column":28}},"type":"binary-expr","locations":[{"start":{"line":108,"column":8},"end":{"line":108,"column":22}},{"start":{"line":108,"column":22},"end":{"line":108,"column":28}}]},"10":{"loc":{"start":{"line":113,"column":4},"end":{"line":115,"column":null}},"type":"if","locations":[{"start":{"line":113,"column":4},"end":{"line":115,"column":null}}]},"11":{"loc":{"start":{"line":118,"column":4},"end":{"line":120,"column":null}},"type":"if","locations":[{"start":{"line":118,"column":4},"end":{"line":120,"column":null}}]},"12":{"loc":{"start":{"line":128,"column":4},"end":{"line":131,"column":null}},"type":"if","locations":[{"start":{"line":128,"column":4},"end":{"line":131,"column":null}}]},"13":{"loc":{"start":{"line":161,"column":4},"end":{"line":163,"column":null}},"type":"if","locations":[{"start":{"line":161,"column":4},"end":{"line":163,"column":null}}]},"14":{"loc":{"start":{"line":172,"column":4},"end":{"line":187,"column":null}},"type":"if","locations":[{"start":{"line":172,"column":4},"end":{"line":187,"column":null}},{"start":{"line":179,"column":11},"end":{"line":187,"column":null}}]},"15":{"loc":{"start":{"line":201,"column":4},"end":{"line":205,"column":null}},"type":"if","locations":[{"start":{"line":201,"column":4},"end":{"line":205,"column":null}}]},"16":{"loc":{"start":{"line":202,"column":39},"end":{"line":202,"column":null}},"type":"binary-expr","locations":[{"start":{"line":202,"column":39},"end":{"line":202,"column":66}},{"start":{"line":202,"column":70},"end":{"line":202,"column":null}}]},"17":{"loc":{"start":{"line":203,"column":41},"end":{"line":203,"column":null}},"type":"binary-expr","locations":[{"start":{"line":203,"column":41},"end":{"line":203,"column":69}},{"start":{"line":203,"column":73},"end":{"line":203,"column":null}}]}},"s":{"0":0,"1":0,"2":0,"3":0,"4":0,"5":0,"6":0,"7":0,"8":0,"9":0,"10":0,"11":0,"12":0,"13":0,"14":0,"15":0,"16":0,"17":0,"18":0,"19":0,"20":0,"21":0,"22":0,"23":0,"24":0,"25":0,"26":0,"27":0,"28":0,"29":0,"30":0,"31":0,"32":0,"33":0,"34":0,"35":0,"36":0,"37":0,"38":0,"39":0,"40":0,"41":0,"42":0,"43":0,"44":0,"45":0,"46":0,"47":0,"48":0,"49":0,"50":0,"51":0,"52":0,"53":0,"54":0,"55":0,"56":0,"57":0,"58":0,"59":0,"60":0,"61":0,"62":0,"63":0,"64":0,"65":0,"66":0,"67":0,"68":0,"69":0,"70":0,"71":0,"72":0,"73":0,"74":0,"75":0,"76":0,"77":0},"f":{"0":0,"1":0,"2":0,"3":0,"4":0},"b":{"0":[0],"1":[0,0],"2":[0],"3":[0,0],"4":[0],"5":[0,0],"6":[0],"7":[0],"8":[0],"9":[0,0],"10":[0],"11":[0],"12":[0],"13":[0],"14":[0,0],"15":[0],"16":[0,0],"17":[0,0]}}
,"/Users/kooshapari/temp-PRODVERCEL/localbase/localbase-frontend/app/api/api-keys/delete/route.ts": {"path":"/Users/kooshapari/temp-PRODVERCEL/localbase/localbase-frontend/app/api/api-keys/delete/route.ts","statementMap":{"0":{"start":{"line":5,"column":22},"end":{"line":5,"column":27}},"1":{"start":{"line":2,"column":41},"end":{"line":2,"column":null}},"2":{"start":{"line":3,"column":24},"end":{"line":3,"column":null}},"3":{"start":{"line":6,"column":2},"end":{"line":73,"column":null}},"4":{"start":{"line":7,"column":21},"end":{"line":7,"column":null}},"5":{"start":{"line":8,"column":18},"end":{"line":8,"column":null}},"6":{"start":{"line":10,"column":4},"end":{"line":15,"column":null}},"7":{"start":{"line":11,"column":6},"end":{"line":13,"column":null}},"8":{"start":{"line":17,"column":21},"end":{"line":17,"column":null}},"9":{"start":{"line":20,"column":34},"end":{"line":20,"column":null}},"10":{"start":{"line":22,"column":4},"end":{"line":27,"column":null}},"11":{"start":{"line":23,"column":6},"end":{"line":25,"column":null}},"12":{"start":{"line":30,"column":48},"end":{"line":34,"column":null}},"13":{"start":{"line":36,"column":4},"end":{"line":41,"column":null}},"14":{"start":{"line":37,"column":6},"end":{"line":39,"column":null}},"15":{"start":{"line":44,"column":4},"end":{"line":49,"column":null}},"16":{"start":{"line":45,"column":6},"end":{"line":47,"column":null}},"17":{"start":{"line":52,"column":22},"end":{"line":55,"column":null}},"18":{"start":{"line":57,"column":4},"end":{"line":63,"column":null}},"19":{"start":{"line":58,"column":6},"end":{"line":58,"column":null}},"20":{"start":{"line":59,"column":6},"end":{"line":61,"column":null}},"21":{"start":{"line":66,"column":4},"end":{"line":66,"column":null}},"22":{"start":{"line":68,"column":4},"end":{"line":68,"column":null}},"23":{"start":{"line":69,"column":4},"end":{"line":71,"column":null}}},"fnMap":{"0":{"name":"POST","decl":{"start":{"line":5,"column":22},"end":{"line":5,"column":27}},"loc":{"start":{"line":5,"column":47},"end":{"line":74,"column":null}}}},"branchMap":{"0":{"loc":{"start":{"line":10,"column":4},"end":{"line":15,"column":null}},"type":"if","locations":[{"start":{"line":10,"column":4},"end":{"line":15,"column":null}}]},"1":{"loc":{"start":{"line":22,"column":4},"end":{"line":27,"column":null}},"type":"if","locations":[{"start":{"line":22,"column":4},"end":{"line":27,"column":null}}]},"2":{"loc":{"start":{"line":36,"column":4},"end":{"line":41,"column":null}},"type":"if","locations":[{"start":{"line":36,"column":4},"end":{"line":41,"column":null}}]},"3":{"loc":{"start":{"line":36,"column":8},"end":{"line":36,"column":31}},"type":"binary-expr","locations":[{"start":{"line":36,"column":8},"end":{"line":36,"column":22}},{"start":{"line":36,"column":22},"end":{"line":36,"column":31}}]},"4":{"loc":{"start":{"line":44,"column":4},"end":{"line":49,"column":null}},"type":"if","locations":[{"start":{"line":44,"column":4},"end":{"line":49,"column":null}}]},"5":{"loc":{"start":{"line":57,"column":4},"end":{"line":63,"column":null}},"type":"if","locations":[{"start":{"line":57,"column":4},"end":{"line":63,"column":null}}]}},"s":{"0":0,"1":0,"2":0,"3":0,"4":0,"5":0,"6":0,"7":0,"8":0,"9":0,"10":0,"11":0,"12":0,"13":0,"14":0,"15":0,"16":0,"17":0,"18":0,"19":0,"20":0,"21":0,"22":0,"23":0},"f":{"0":0},"b":{"0":[0],"1":[0],"2":[0],"3":[0,0],"4":[0],"5":[0]}}
,"/Users/kooshapari/temp-PRODVERCEL/localbase/localbase-frontend/app/api/jobs/cancel/route.ts": {"path":"/Users/kooshapari/temp-PRODVERCEL/localbase/localbase-frontend/app/api/jobs/cancel/route.ts","statementMap":{"0":{"start":{"line":5,"column":22},"end":{"line":5,"column":27}},"1":{"start":{"line":2,"column":41},"end":{"line":2,"column":null}},"2":{"start":{"line":3,"column":24},"end":{"line":3,"column":null}},"3":{"start":{"line":6,"column":2},"end":{"line":81,"column":null}},"4":{"start":{"line":7,"column":21},"end":{"line":7,"column":null}},"5":{"start":{"line":8,"column":18},"end":{"line":8,"column":null}},"6":{"start":{"line":10,"column":4},"end":{"line":15,"column":null}},"7":{"start":{"line":11,"column":6},"end":{"line":13,"column":null}},"8":{"start":{"line":17,"column":21},"end":{"line":17,"column":null}},"9":{"start":{"line":20,"column":34},"end":{"line":20,"column":null}},"10":{"start":{"line":22,"column":4},"end":{"line":27,"column":null}},"11":{"start":{"line":23,"column":6},"end":{"line":25,"column":null}},"12":{"start":{"line":30,"column":45},"end":{"line":34,"column":null}},"13":{"start":{"line":36,"column":4},"end":{"line":41,"column":null}},"14":{"start":{"line":37,"column":6},"end":{"line":39,"column":null}},"15":{"start":{"line":44,"column":4},"end":{"line":49,"column":null}},"16":{"start":{"line":45,"column":6},"end":{"line":47,"column":null}},"17":{"start":{"line":52,"column":4},"end":{"line":57,"column":null}},"18":{"start":{"line":53,"column":6},"end":{"line":55,"column":null}},"19":{"start":{"line":60,"column":22},"end":{"line":63,"column":null}},"20":{"start":{"line":65,"column":4},"end":{"line":71,"column":null}},"21":{"start":{"line":66,"column":6},"end":{"line":66,"column":null}},"22":{"start":{"line":67,"column":6},"end":{"line":69,"column":null}},"23":{"start":{"line":74,"column":4},"end":{"line":74,"column":null}},"24":{"start":{"line":76,"column":4},"end":{"line":76,"column":null}},"25":{"start":{"line":77,"column":4},"end":{"line":79,"column":null}}},"fnMap":{"0":{"name":"POST","decl":{"start":{"line":5,"column":22},"end":{"line":5,"column":27}},"loc":{"start":{"line":5,"column":47},"end":{"line":82,"column":null}}}},"branchMap":{"0":{"loc":{"start":{"line":10,"column":4},"end":{"line":15,"column":null}},"type":"if","locations":[{"start":{"line":10,"column":4},"end":{"line":15,"column":null}}]},"1":{"loc":{"start":{"line":22,"column":4},"end":{"line":27,"column":null}},"type":"if","locations":[{"start":{"line":22,"column":4},"end":{"line":27,"column":null}}]},"2":{"loc":{"start":{"line":36,"column":4},"end":{"line":41,"column":null}},"type":"if","locations":[{"start":{"line":36,"column":4},"end":{"line":41,"column":null}}]},"3":{"loc":{"start":{"line":36,"column":8},"end":{"line":36,"column":28}},"type":"binary-expr","locations":[{"start":{"line":36,"column":8},"end":{"line":36,"column":22}},{"start":{"line":36,"column":22},"end":{"line":36,"column":28}}]},"4":{"loc":{"start":{"line":44,"column":4},"end":{"line":49,"column":null}},"type":"if","locations":[{"start":{"line":44,"column":4},"end":{"line":49,"column":null}}]},"5":{"loc":{"start":{"line":52,"column":4},"end":{"line":57,"column":null}},"type":"if","locations":[{"start":{"line":52,"column":4},"end":{"line":57,"column":null}}]},"6":{"loc":{"start":{"line":65,"column":4},"end":{"line":71,"column":null}},"type":"if","locations":[{"start":{"line":65,"column":4},"end":{"line":71,"column":null}}]}},"s":{"0":0,"1":0,"2":0,"3":0,"4":0,"5":0,"6":0,"7":0,"8":0,"9":0,"10":0,"11":0,"12":0,"13":0,"14":0,"15":0,"16":0,"17":0,"18":0,"19":0,"20":0,"21":0,"22":0,"23":0,"24":0,"25":0},"f":{"0":0},"b":{"0":[0],"1":[0],"2":[0],"3":[0,0],"4":[0],"5":[0],"6":[0]}}
,"/Users/kooshapari/temp-PRODVERCEL/localbase/localbase-frontend/app/dashboard/page.tsx": {"path":"/Users/kooshapari/temp-PRODVERCEL/localbase/localbase-frontend/app/dashboard/page.tsx","statementMap":{"0":{"start":{"line":12,"column":30},"end":{"line":12,"column":null}},"1":{"start":{"line":7,"column":13},"end":{"line":7,"column":21}},"2":{"start":{"line":1,"column":18},"end":{"line":1,"column":null}},"3":{"start":{"line":3,"column":44},"end":{"line":3,"column":null}},"4":{"start":{"line":4,"column":24},"end":{"line":4,"column":null}},"5":{"start":{"line":5,"column":25},"end":{"line":5,"column":null}},"6":{"start":{"line":7,"column":34},"end":{"line":10,"column":null}},"7":{"start":{"line":14,"column":19},"end":{"line":14,"column":null}},"8":{"start":{"line":17,"column":32},"end":{"line":17,"column":null}},"9":{"start":{"line":20,"column":2},"end":{"line":22,"column":null}},"10":{"start":{"line":21,"column":4},"end":{"line":21,"column":null}},"11":{"start":{"line":25,"column":28},"end":{"line":29,"column":null}},"12":{"start":{"line":32,"column":31},"end":{"line":37,"column":null}},"13":{"start":{"line":108,"column":18},"end":{"line":108,"column":null}}},"fnMap":{"0":{"name":"DashboardPage","decl":{"start":{"line":12,"column":30},"end":{"line":12,"column":null}},"loc":{"start":{"line":12,"column":30},"end":{"line":149,"column":1}}},"1":{"name":"(anonymous_5)","decl":{"start":{"line":107,"column":32},"end":{"line":107,"column":33}},"loc":{"start":{"line":108,"column":18},"end":{"line":108,"column":null}}}},"branchMap":{"0":{"loc":{"start":{"line":20,"column":2},"end":{"line":22,"column":null}},"type":"if","locations":[{"start":{"line":20,"column":2},"end":{"line":22,"column":null}}]},"1":{"loc":{"start":{"line":46,"column":58},"end":{"line":46,"column":98}},"type":"binary-expr","locations":[{"start":{"line":46,"column":58},"end":{"line":46,"column":80}},{"start":{"line":46,"column":80},"end":{"line":46,"column":98}}]},"2":{"loc":{"start":{"line":48,"column":13},"end":{"line":48,"column":null}},"type":"cond-expr","locations":[{"start":{"line":48,"column":36},"end":{"line":48,"column":57}},{"start":{"line":48,"column":57},"end":{"line":48,"column":null}}]},"3":{"loc":{"start":{"line":56,"column":54},"end":{"line":56,"column":null}},"type":"binary-expr","locations":[{"start":{"line":56,"column":54},"end":{"line":56,"column":76}},{"start":{"line":56,"column":76},"end":{"line":56,"column":null}}]},"4":{"loc":{"start":{"line":71,"column":13},"end":{"line":71,"column":null}},"type":"binary-expr","locations":[{"start":{"line":71,"column":13},"end":{"line":71,"column":null}}]},"5":{"loc":{"start":{"line":85,"column":10},"end":{"line":139,"column":11}},"type":"cond-expr","locations":[{"start":{"line":85,"column":10},"end":{"line":139,"column":11}}]},"6":{"loc":{"start":{"line":84,"column":9},"end":{"line":84,"column":null}},"type":"binary-expr","locations":[{"start":{"line":84,"column":9},"end":{"line":84,"column":23}},{"start":{"line":84,"column":23},"end":{"line":84,"column":null}}]},"7":{"loc":{"start":{"line":117,"column":24},"end":{"line":120,"column":null}},"type":"cond-expr","locations":[{"start":{"line":117,"column":53},"end":{"line":117,"column":null}},{"start":{"line":118,"column":24},"end":{"line":120,"column":null}}]},"8":{"loc":{"start":{"line":118,"column":24},"end":{"line":120,"column":null}},"type":"cond-expr","locations":[{"start":{"line":118,"column":50},"end":{"line":118,"column":null}},{"start":{"line":119,"column":24},"end":{"line":120,"column":null}}]},"9":{"loc":{"start":{"line":119,"column":24},"end":{"line":120,"column":null}},"type":"cond-expr","locations":[{"start":{"line":119,"column":54},"end":{"line":119,"column":null}},{"start":{"line":120,"column":24},"end":{"line":120,"column":null}}]}},"s":{"0":0,"1":0,"2":0,"3":0,"4":0,"5":0,"6":0,"7":0,"8":0,"9":0,"10":0,"11":0,"12":0,"13":0},"f":{"0":0,"1":0},"b":{"0":[0],"1":[0,0],"2":[0,0],"3":[0,0],"4":[0],"5":[0],"6":[0,0],"7":[0,0],"8":[0,0],"9":[0,0]}}
,"/Users/kooshapari/temp-PRODVERCEL/localbase/localbase-frontend/app/forgot-password/page.tsx": {"path":"/Users/kooshapari/temp-PRODVERCEL/localbase/localbase-frontend/app/forgot-password/page.tsx","statementMap":{"0":{"start":{"line":10,"column":24},"end":{"line":10,"column":null}},"1":{"start":{"line":5,"column":13},"end":{"line":5,"column":21}},"2":{"start":{"line":1,"column":18},"end":{"line":1,"column":null}},"3":{"start":{"line":2,"column":31},"end":{"line":2,"column":null}},"4":{"start":{"line":5,"column":34},"end":{"line":8,"column":null}}},"fnMap":{"0":{"name":"ForgotPasswordPage","decl":{"start":{"line":10,"column":24},"end":{"line":10,"column":null}},"loc":{"start":{"line":10,"column":24},"end":{"line":16,"column":1}}}},"branchMap":{},"s":{"0":0,"1":0,"2":0,"3":0,"4":0},"f":{"0":0},"b":{}}
,"/Users/kooshapari/temp-PRODVERCEL/localbase/localbase-frontend/app/reset-password/page.tsx": {"path":"/Users/kooshapari/temp-PRODVERCEL/localbase/localbase-frontend/app/reset-password/page.tsx","statementMap":{"0":{"start":{"line":10,"column":24},"end":{"line":10,"column":null}},"1":{"start":{"line":5,"column":13},"end":{"line":5,"column":21}},"2":{"start":{"line":1,"column":18},"end":{"line":1,"column":null}},"3":{"start":{"line":2,"column":30},"end":{"line":2,"column":null}},"4":{"start":{"line":5,"column":34},"end":{"line":8,"column":null}}},"fnMap":{"0":{"name":"ResetPasswordPage","decl":{"start":{"line":10,"column":24},"end":{"line":10,"column":null}},"loc":{"start":{"line":10,"column":24},"end":{"line":16,"column":1}}}},"branchMap":{},"s":{"0":0,"1":0,"2":0,"3":0,"4":0},"f":{"0":0},"b":{}}
,"/Users/kooshapari/temp-PRODVERCEL/localbase/localbase-frontend/app/signin/page.tsx": {"path":"/Users/kooshapari/temp-PRODVERCEL/localbase/localbase-frontend/app/signin/page.tsx","statementMap":{"0":{"start":{"line":10,"column":24},"end":{"line":10,"column":null}},"1":{"start":{"line":5,"column":13},"end":{"line":5,"column":21}},"2":{"start":{"line":1,"column":18},"end":{"line":1,"column":null}},"3":{"start":{"line":2,"column":23},"end":{"line":2,"column":null}},"4":{"start":{"line":5,"column":34},"end":{"line":8,"column":null}}},"fnMap":{"0":{"name":"SignInPage","decl":{"start":{"line":10,"column":24},"end":{"line":10,"column":null}},"loc":{"start":{"line":10,"column":24},"end":{"line":16,"column":1}}}},"branchMap":{},"s":{"0":0,"1":0,"2":0,"3":0,"4":0},"f":{"0":0},"b":{}}
,"/Users/kooshapari/temp-PRODVERCEL/localbase/localbase-frontend/app/signup/page.tsx": {"path":"/Users/kooshapari/temp-PRODVERCEL/localbase/localbase-frontend/app/signup/page.tsx","statementMap":{"0":{"start":{"line":10,"column":24},"end":{"line":10,"column":null}},"1":{"start":{"line":5,"column":13},"end":{"line":5,"column":21}},"2":{"start":{"line":1,"column":18},"end":{"line":1,"column":null}},"3":{"start":{"line":2,"column":23},"end":{"line":2,"column":null}},"4":{"start":{"line":5,"column":34},"end":{"line":8,"column":null}}},"fnMap":{"0":{"name":"SignUpPage","decl":{"start":{"line":10,"column":24},"end":{"line":10,"column":null}},"loc":{"start":{"line":10,"column":24},"end":{"line":16,"column":1}}}},"branchMap":{},"s":{"0":0,"1":0,"2":0,"3":0,"4":0},"f":{"0":0},"b":{}}
,"/Users/kooshapari/temp-PRODVERCEL/localbase/localbase-frontend/components/api-keys/CreateApiKeyForm.tsx": {"path":"/Users/kooshapari/temp-PRODVERCEL/localbase/localbase-frontend/components/api-keys/CreateApiKeyForm.tsx","statementMap":{"0":{"start":{"line":11,"column":24},"end":{"line":11,"column":41}},"1":{"start":{"line":3,"column":32},"end":{"line":3,"column":null}},"2":{"start":{"line":4,"column":26},"end":{"line":4,"column":null}},"3":{"start":{"line":5,"column":29},"end":{"line":5,"column":null}},"4":{"start":{"line":12,"column":26},"end":{"line":12,"column":null}},"5":{"start":{"line":13,"column":40},"end":{"line":13,"column":null}},"6":{"start":{"line":14,"column":32},"end":{"line":14,"column":null}},"7":{"start":{"line":15,"column":28},"end":{"line":15,"column":null}},"8":{"start":{"line":16,"column":36},"end":{"line":16,"column":null}},"9":{"start":{"line":17,"column":17},"end":{"line":17,"column":null}},"10":{"start":{"line":19,"column":23},"end":{"line":48,"column":null}},"11":{"start":{"line":20,"column":4},"end":{"line":20,"column":null}},"12":{"start":{"line":22,"column":4},"end":{"line":25,"column":null}},"13":{"start":{"line":23,"column":6},"end":{"line":23,"column":null}},"14":{"start":{"line":24,"column":6},"end":{"line":24,"column":null}},"15":{"start":{"line":27,"column":4},"end":{"line":47,"column":null}},"16":{"start":{"line":28,"column":6},"end":{"line":28,"column":null}},"17":{"start":{"line":29,"column":6},"end":{"line":29,"column":null}},"18":{"start":{"line":31,"column":21},"end":{"line":31,"column":null}},"19":{"start":{"line":33,"column":6},"end":{"line":36,"column":null}},"20":{"start":{"line":34,"column":8},"end":{"line":34,"column":null}},"21":{"start":{"line":35,"column":8},"end":{"line":35,"column":null}},"22":{"start":{"line":38,"column":6},"end":{"line":38,"column":null}},"23":{"start":{"line":41,"column":6},"end":{"line":41,"column":null}},"24":{"start":{"line":43,"column":6},"end":{"line":43,"column":null}},"25":{"start":{"line":44,"column":6},"end":{"line":44,"column":null}},"26":{"start":{"line":46,"column":6},"end":{"line":46,"column":null}},"27":{"start":{"line":50,"column":33},"end":{"line":58,"column":null}},"28":{"start":{"line":51,"column":4},"end":{"line":57,"column":null}},"29":{"start":{"line":52,"column":6},"end":{"line":56,"column":null}},"30":{"start":{"line":53,"column":8},"end":{"line":53,"column":null}},"31":{"start":{"line":53,"column":34},"end":{"line":53,"column":null}},"32":{"start":{"line":55,"column":8},"end":{"line":55,"column":null}},"33":{"start":{"line":60,"column":26},"end":{"line":65,"column":null}},"34":{"start":{"line":61,"column":4},"end":{"line":64,"column":null}},"35":{"start":{"line":62,"column":6},"end":{"line":62,"column":null}},"36":{"start":{"line":63,"column":6},"end":{"line":63,"column":null}},"37":{"start":{"line":67,"column":2},"end":{"line":115,"column":null}},"38":{"start":{"line":96,"column":27},"end":{"line":96,"column":null}},"39":{"start":{"line":104,"column":14},"end":{"line":104,"column":null}},"40":{"start":{"line":105,"column":14},"end":{"line":105,"column":null}},"41":{"start":{"line":106,"column":14},"end":{"line":106,"column":null}},"42":{"start":{"line":134,"column":27},"end":{"line":134,"column":null}},"43":{"start":{"line":154,"column":30},"end":{"line":154,"column":null}},"44":{"start":{"line":167,"column":30},"end":{"line":167,"column":null}},"45":{"start":{"line":180,"column":30},"end":{"line":180,"column":null}}},"fnMap":{"0":{"name":"CreateApiKeyForm","decl":{"start":{"line":11,"column":24},"end":{"line":11,"column":41}},"loc":{"start":{"line":11,"column":74},"end":{"line":204,"column":null}}},"1":{"name":"(anonymous_5)","decl":{"start":{"line":19,"column":23},"end":{"line":19,"column":30}},"loc":{"start":{"line":19,"column":30},"end":{"line":48,"column":null}}},"2":{"name":"(anonymous_6)","decl":{"start":{"line":50,"column":33},"end":{"line":50,"column":34}},"loc":{"start":{"line":50,"column":34},"end":{"line":58,"column":null}}},"3":{"name":"(anonymous_7)","decl":{"start":{"line":51,"column":19},"end":{"line":51,"column":20}},"loc":{"start":{"line":51,"column":20},"end":{"line":57,"column":null}}},"4":{"name":"(anonymous_8)","decl":{"start":{"line":53,"column":27},"end":{"line":53,"column":28}},"loc":{"start":{"line":53,"column":34},"end":{"line":53,"column":null}}},"5":{"name":"(anonymous_9)","decl":{"start":{"line":60,"column":26},"end":{"line":60,"column":null}},"loc":{"start":{"line":60,"column":26},"end":{"line":65,"column":null}}},"6":{"name":"(anonymous_10)","decl":{"start":{"line":96,"column":21},"end":{"line":96,"column":27}},"loc":{"start":{"line":96,"column":27},"end":{"line":96,"column":null}}},"7":{"name":"(anonymous_11)","decl":{"start":{"line":103,"column":21},"end":{"line":103,"column":null}},"loc":{"start":{"line":103,"column":21},"end":{"line":107,"column":null}}},"8":{"name":"(anonymous_12)","decl":{"start":{"line":134,"column":20},"end":{"line":134,"column":21}},"loc":{"start":{"line":134,"column":27},"end":{"line":134,"column":null}}},"9":{"name":"(anonymous_13)","decl":{"start":{"line":154,"column":24},"end":{"line":154,"column":30}},"loc":{"start":{"line":154,"column":30},"end":{"line":154,"column":null}}},"10":{"name":"(anonymous_14)","decl":{"start":{"line":167,"column":24},"end":{"line":167,"column":30}},"loc":{"start":{"line":167,"column":30},"end":{"line":167,"column":null}}},"11":{"name":"(anonymous_15)","decl":{"start":{"line":180,"column":24},"end":{"line":180,"column":30}},"loc":{"start":{"line":180,"column":30},"end":{"line":180,"column":null}}}},"branchMap":{"0":{"loc":{"start":{"line":22,"column":4},"end":{"line":25,"column":null}},"type":"if","locations":[{"start":{"line":22,"column":4},"end":{"line":25,"column":null}}]},"1":{"loc":{"start":{"line":33,"column":6},"end":{"line":36,"column":null}},"type":"if","locations":[{"start":{"line":33,"column":6},"end":{"line":36,"column":null}}]},"2":{"loc":{"start":{"line":52,"column":6},"end":{"line":56,"column":null}},"type":"if","locations":[{"start":{"line":52,"column":6},"end":{"line":56,"column":null}},{"start":{"line":54,"column":13},"end":{"line":56,"column":null}}]},"3":{"loc":{"start":{"line":61,"column":4},"end":{"line":64,"column":null}},"type":"if","locations":[{"start":{"line":61,"column":4},"end":{"line":64,"column":null}}]},"4":{"loc":{"start":{"line":67,"column":2},"end":{"line":115,"column":null}},"type":"if","locations":[{"start":{"line":67,"column":2},"end":{"line":115,"column":null}}]},"5":{"loc":{"start":{"line":119,"column":7},"end":{"line":119,"column":null}},"type":"binary-expr","locations":[{"start":{"line":119,"column":7},"end":{"line":119,"column":null}}]},"6":{"loc":{"start":{"line":199,"column":11},"end":{"line":199,"column":null}},"type":"cond-expr","locations":[{"start":{"line":199,"column":21},"end":{"line":199,"column":37}},{"start":{"line":199,"column":37},"end":{"line":199,"column":null}}]}},"s":{"0":0,"1":0,"2":0,"3":0,"4":0,"5":0,"6":0,"7":0,"8":0,"9":0,"10":0,"11":0,"12":0,"13":0,"14":0,"15":0,"16":0,"17":0,"18":0,"19":0,"20":0,"21":0,"22":0,"23":0,"24":0,"25":0,"26":0,"27":0,"28":0,"29":0,"30":0,"31":0,"32":0,"33":0,"34":0,"35":0,"36":0,"37":0,"38":0,"39":0,"40":0,"41":0,"42":0,"43":0,"44":0,"45":0},"f":{"0":0,"1":0,"2":0,"3":0,"4":0,"5":0,"6":0,"7":0,"8":0,"9":0,"10":0,"11":0},"b":{"0":[0],"1":[0],"2":[0,0],"3":[0],"4":[0],"5":[0],"6":[0,0]}}
,"/Users/kooshapari/temp-PRODVERCEL/localbase/localbase-frontend/components/auth/ForgotPasswordForm.tsx": {"path":"/Users/kooshapari/temp-PRODVERCEL/localbase/localbase-frontend/components/auth/ForgotPasswordForm.tsx","statementMap":{"0":{"start":{"line":5,"column":24},"end":{"line":5,"column":null}},"1":{"start":{"line":1,"column":32},"end":{"line":1,"column":null}},"2":{"start":{"line":2,"column":24},"end":{"line":2,"column":null}},"3":{"start":{"line":3,"column":17},"end":{"line":3,"column":null}},"4":{"start":{"line":6,"column":28},"end":{"line":6,"column":null}},"5":{"start":{"line":7,"column":28},"end":{"line":7,"column":null}},"6":{"start":{"line":8,"column":32},"end":{"line":8,"column":null}},"7":{"start":{"line":9,"column":46},"end":{"line":9,"column":null}},"8":{"start":{"line":10,"column":28},"end":{"line":10,"column":null}},"9":{"start":{"line":12,"column":23},"end":{"line":39,"column":null}},"10":{"start":{"line":13,"column":4},"end":{"line":13,"column":null}},"11":{"start":{"line":15,"column":4},"end":{"line":18,"column":null}},"12":{"start":{"line":16,"column":6},"end":{"line":16,"column":null}},"13":{"start":{"line":17,"column":6},"end":{"line":17,"column":null}},"14":{"start":{"line":20,"column":4},"end":{"line":38,"column":null}},"15":{"start":{"line":21,"column":6},"end":{"line":21,"column":null}},"16":{"start":{"line":22,"column":6},"end":{"line":22,"column":null}},"17":{"start":{"line":24,"column":24},"end":{"line":24,"column":null}},"18":{"start":{"line":26,"column":6},"end":{"line":29,"column":null}},"19":{"start":{"line":27,"column":8},"end":{"line":27,"column":null}},"20":{"start":{"line":28,"column":8},"end":{"line":28,"column":null}},"21":{"start":{"line":31,"column":6},"end":{"line":31,"column":null}},"22":{"start":{"line":32,"column":6},"end":{"line":32,"column":null}},"23":{"start":{"line":34,"column":6},"end":{"line":34,"column":null}},"24":{"start":{"line":35,"column":6},"end":{"line":35,"column":null}},"25":{"start":{"line":37,"column":6},"end":{"line":37,"column":null}},"26":{"start":{"line":74,"column":29},"end":{"line":74,"column":null}}},"fnMap":{"0":{"name":"ForgotPasswordForm","decl":{"start":{"line":5,"column":24},"end":{"line":5,"column":null}},"loc":{"start":{"line":5,"column":24},"end":{"line":100,"column":null}}},"1":{"name":"(anonymous_6)","decl":{"start":{"line":12,"column":23},"end":{"line":12,"column":30}},"loc":{"start":{"line":12,"column":30},"end":{"line":39,"column":null}}},"2":{"name":"(anonymous_7)","decl":{"start":{"line":74,"column":22},"end":{"line":74,"column":23}},"loc":{"start":{"line":74,"column":29},"end":{"line":74,"column":null}}}},"branchMap":{"0":{"loc":{"start":{"line":15,"column":4},"end":{"line":18,"column":null}},"type":"if","locations":[{"start":{"line":15,"column":4},"end":{"line":18,"column":null}}]},"1":{"loc":{"start":{"line":26,"column":6},"end":{"line":29,"column":null}},"type":"if","locations":[{"start":{"line":26,"column":6},"end":{"line":29,"column":null}}]},"2":{"loc":{"start":{"line":50,"column":7},"end":{"line":50,"column":null}},"type":"binary-expr","locations":[{"start":{"line":50,"column":7},"end":{"line":50,"column":null}}]},"3":{"loc":{"start":{"line":56,"column":7},"end":{"line":56,"column":null}},"type":"binary-expr","locations":[{"start":{"line":56,"column":7},"end":{"line":56,"column":null}}]},"4":{"loc":{"start":{"line":85,"column":13},"end":{"line":85,"column":null}},"type":"cond-expr","locations":[{"start":{"line":85,"column":23},"end":{"line":85,"column":38}},{"start":{"line":85,"column":38},"end":{"line":85,"column":null}}]}},"s":{"0":0,"1":0,"2":0,"3":0,"4":0,"5":0,"6":0,"7":0,"8":0,"9":0,"10":0,"11":0,"12":0,"13":0,"14":0,"15":0,"16":0,"17":0,"18":0,"19":0,"20":0,"21":0,"22":0,"23":0,"24":0,"25":0,"26":0},"f":{"0":0,"1":0,"2":0},"b":{"0":[0],"1":[0],"2":[0],"3":[0],"4":[0,0]}}
[...]
ous_7)","decl":{"start":{"line":78,"column":32},"end":{"line":78,"column":37}},"loc":{"start":{"line":78,"column":37},"end":{"line":78,"column":null}}},"4":{"name":"(anonymous_8)","decl":{"start":{"line":95,"column":23},"end":{"line":95,"column":30}},"loc":{"start":{"line":95,"column":30},"end":{"line":139,"column":null}}},"5":{"name":"(anonymous_9)","decl":{"start":{"line":113,"column":32},"end":{"line":113,"column":37}},"loc":{"start":{"line":113,"column":37},"end":{"line":113,"column":null}}},"6":{"name":"(anonymous_10)","decl":{"start":{"line":157,"column":20},"end":{"line":157,"column":21}},"loc":{"start":{"line":157,"column":27},"end":{"line":157,"column":null}}},"7":{"name":"(anonymous_11)","decl":{"start":{"line":162,"column":22},"end":{"line":162,"column":23}},"loc":{"start":{"line":163,"column":12},"end":{"line":163,"column":35}}},"8":{"name":"(anonymous_12)","decl":{"start":{"line":172,"column":35},"end":{"line":172,"column":40}},"loc":{"start":{"line":172,"column":40},"end":{"line":172,"column":65}}},"9":{"name":"(anonymous_13)","decl":{"start":{"line":173,"column":36},"end":{"line":173,"column":41}},"loc":{"start":{"line":173,"column":41},"end":{"line":173,"column":66}}},"10":{"name":"(anonymous_14)","decl":{"start":{"line":188,"column":20},"end":{"line":188,"column":21}},"loc":{"start":{"line":188,"column":27},"end":{"line":188,"column":null}}},"11":{"name":"(anonymous_15)","decl":{"start":{"line":210,"column":22},"end":{"line":210,"column":23}},"loc":{"start":{"line":210,"column":29},"end":{"line":210,"column":null}}},"12":{"name":"(anonymous_16)","decl":{"start":{"line":230,"column":22},"end":{"line":230,"column":23}},"loc":{"start":{"line":230,"column":29},"end":{"line":230,"column":null}}},"13":{"name":"(anonymous_17)","decl":{"start":{"line":250,"column":22},"end":{"line":250,"column":23}},"loc":{"start":{"line":250,"column":29},"end":{"line":250,"column":null}}},"14":{"name":"(anonymous_18)","decl":{"start":{"line":270,"column":22},"end":{"line":270,"column":23}},"loc":{"start":{"line":270,"column":29},"end":{"line":270,"column":null}}},"15":{"name":"(anonymous_19)","decl":{"start":{"line":290,"column":22},"end":{"line":290,"column":23}},"loc":{"start":{"line":290,"column":29},"end":{"line":290,"column":null}}}},"branchMap":{"0":{"loc":{"start":{"line":60,"column":4},"end":{"line":72,"column":null}},"type":"if","locations":[{"start":{"line":60,"column":4},"end":{"line":72,"column":null}}]},"1":{"loc":{"start":{"line":63,"column":6},"end":{"line":71,"column":null}},"type":"if","locations":[{"start":{"line":63,"column":6},"end":{"line":71,"column":null}}]},"2":{"loc":{"start":{"line":65,"column":22},"end":{"line":65,"column":null}},"type":"binary-expr","locations":[{"start":{"line":65,"column":22},"end":{"line":65,"column":52}},{"start":{"line":65,"column":56},"end":{"line":65,"column":null}}]},"3":{"loc":{"start":{"line":66,"column":23},"end":{"line":66,"column":null}},"type":"binary-expr","locations":[{"start":{"line":66,"column":23},"end":{"line":66,"column":54}},{"start":{"line":66,"column":58},"end":{"line":66,"column":null}}]},"4":{"loc":{"start":{"line":67,"column":17},"end":{"line":67,"column":null}},"type":"binary-expr","locations":[{"start":{"line":67,"column":17},"end":{"line":67,"column":42}},{"start":{"line":67,"column":46},"end":{"line":67,"column":null}}]},"5":{"loc":{"start":{"line":68,"column":29},"end":{"line":68,"column":null}},"type":"binary-expr","locations":[{"start":{"line":68,"column":29},"end":{"line":68,"column":66}},{"start":{"line":68,"column":70},"end":{"line":68,"column":null}}]},"6":{"loc":{"start":{"line":69,"column":28},"end":{"line":69,"column":null}},"type":"binary-expr","locations":[{"start":{"line":69,"column":28},"end":{"line":69,"column":64}},{"start":{"line":69,"column":68},"end":{"line":69,"column":null}}]},"7":{"loc":{"start":{"line":77,"column":4},"end":{"line":92,"column":null}},"type":"if","locations":[{"start":{"line":77,"column":4},"end":{"line":92,"column":null}}]},"8":{"loc":{"start":{"line":77,"column":8},"end":{"line":77,"column":32}},"type":"binary-expr","locations":[{"start":{"line":77,"column":8},"end":{"line":77,"column":25}},{"start":{"line":77,"column":25},"end":{"line":77,"column":32}}]},"9":{"loc":{"start":{"line":79,"column":6},"end":{"line":91,"column":null}},"type":"if","locations":[{"start":{"line":79,"column":6},"end":{"line":91,"column":null}}]},"10":{"loc":{"start":{"line":87,"column":41},"end":{"line":87,"column":null}},"type":"binary-expr","locations":[{"start":{"line":87,"column":41},"end":{"line":87,"column":68}},{"start":{"line":87,"column":72},"end":{"line":87,"column":null}}]},"11":{"loc":{"start":{"line":88,"column":43},"end":{"line":88,"column":null}},"type":"binary-expr","locations":[{"start":{"line":88,"column":43},"end":{"line":88,"column":71}},{"start":{"line":88,"column":75},"end":{"line":88,"column":null}}]},"12":{"loc":{"start":{"line":98,"column":4},"end":{"line":101,"column":null}},"type":"if","locations":[{"start":{"line":98,"column":4},"end":{"line":101,"column":null}}]},"13":{"loc":{"start":{"line":103,"column":4},"end":{"line":106,"column":null}},"type":"if","locations":[{"start":{"line":103,"column":4},"end":{"line":106,"column":null}}]},"14":{"loc":{"start":{"line":114,"column":6},"end":{"line":116,"column":null}},"type":"if","locations":[{"start":{"line":114,"column":6},"end":{"line":116,"column":null}}]},"15":{"loc":{"start":{"line":126,"column":6},"end":{"line":129,"column":null}},"type":"if","locations":[{"start":{"line":126,"column":6},"end":{"line":129,"column":null}}]},"16":{"loc":{"start":{"line":143,"column":7},"end":{"line":143,"column":null}},"type":"binary-expr","locations":[{"start":{"line":143,"column":7},"end":{"line":143,"column":null}}]},"17":{"loc":{"start":{"line":169,"column":9},"end":{"line":169,"column":null}},"type":"binary-expr","locations":[{"start":{"line":169,"column":9},"end":{"line":169,"column":null}}]},"18":{"loc":{"start":{"line":315,"column":11},"end":{"line":315,"column":null}},"type":"cond-expr","locations":[{"start":{"line":315,"column":21},"end":{"line":315,"column":37}},{"start":{"line":315,"column":37},"end":{"line":315,"column":null}}]}},"s":{"0":0,"1":0,"2":0,"3":0,"4":0,"5":0,"6":0,"7":0,"8":0,"9":0,"10":0,"11":0,"12":0,"13":0,"14":0,"15":0,"16":0,"17":0,"18":0,"19":0,"20":0,"21":0,"22":0,"23":0,"24":0,"25":0,"26":0,"27":0,"28":0,"29":0,"30":0,"31":0,"32":0,"33":0,"34":0,"35":0,"36":0,"37":0,"38":0,"39":0,"40":0,"41":0,"42":0,"43":0,"44":0,"45":0,"46":0,"47":0,"48":0,"49":0,"50":0,"51":0,"52":0,"53":0,"54":0,"55":0,"56":0,"57":0,"58":0,"59":0},"f":{"0":0,"1":0,"2":0,"3":0,"4":0,"5":0,"6":0,"7":0,"8":0,"9":0,"10":0,"11":0,"12":0,"13":0,"14":0,"15":0},"b":{"0":[0],"1":[0],"2":[0,0],"3":[0,0],"4":[0,0],"5":[0,0],"6":[0,0],"7":[0],"8":[0,0],"9":[0],"10":[0,0],"11":[0,0],"12":[0],"13":[0],"14":[0],"15":[0],"16":[0],"17":[0],"18":[0,0]}}
,"/Users/kooshapari/temp-PRODVERCEL/localbase/localbase-frontend/components/layout/Navigation.tsx": {"path":"/Users/kooshapari/temp-PRODVERCEL/localbase/localbase-frontend/components/layout/Navigation.tsx","statementMap":{"0":{"start":{"line":6,"column":24},"end":{"line":6,"column":null}},"1":{"start":{"line":1,"column":32},"end":{"line":1,"column":null}},"2":{"start":{"line":2,"column":17},"end":{"line":2,"column":null}},"3":{"start":{"line":3,"column":24},"end":{"line":3,"column":null}},"4":{"start":{"line":4,"column":28},"end":{"line":4,"column":null}},"5":{"start":{"line":7,"column":28},"end":{"line":7,"column":null}},"6":{"start":{"line":8,"column":19},"end":{"line":8,"column":null}},"7":{"start":{"line":9,"column":46},"end":{"line":9,"column":null}},"8":{"start":{"line":11,"column":24},"end":{"line":13,"column":null}},"9":{"start":{"line":12,"column":4},"end":{"line":12,"column":null}},"10":{"start":{"line":15,"column":19},"end":{"line":17,"column":null}},"11":{"start":{"line":16,"column":4},"end":{"line":16,"column":null}},"12":{"start":{"line":192,"column":31},"end":{"line":192,"column":null}}},"fnMap":{"0":{"name":"Navigation","decl":{"start":{"line":6,"column":24},"end":{"line":6,"column":null}},"loc":{"start":{"line":6,"column":24},"end":{"line":372,"column":null}}},"1":{"name":"(anonymous_6)","decl":{"start":{"line":11,"column":24},"end":{"line":11,"column":null}},"loc":{"start":{"line":11,"column":24},"end":{"line":13,"column":null}}},"2":{"name":"(anonymous_7)","decl":{"start":{"line":15,"column":19},"end":{"line":15,"column":20}},"loc":{"start":{"line":15,"column":20},"end":{"line":17,"column":null}}},"3":{"name":"(anonymous_8)","decl":{"start":{"line":192,"column":25},"end":{"line":192,"column":31}},"loc":{"start":{"line":192,"column":31},"end":{"line":192,"column":null}}}},"branchMap":{"0":{"loc":{"start":{"line":32,"column":16},"end":{"line":75,"column":null}},"type":"cond-expr","locations":[{"start":{"line":32,"column":16},"end":{"line":75,"column":null}}]},"1":{"loc":{"start":{"line":36,"column":22},"end":{"line":38,"column":null}},"type":"cond-expr","locations":[{"start":{"line":37,"column":26},"end":{"line":37,"column":null}},{"start":{"line":38,"column":26},"end":{"line":38,"column":null}}]},"2":{"loc":{"start":{"line":46,"column":22},"end":{"line":48,"column":null}},"type":"cond-expr","locations":[{"start":{"line":47,"column":26},"end":{"line":47,"column":null}},{"start":{"line":48,"column":26},"end":{"line":48,"column":null}}]},"3":{"loc":{"start":{"line":56,"column":22},"end":{"line":58,"column":null}},"type":"cond-expr","locations":[{"start":{"line":57,"column":26},"end":{"line":57,"column":null}},{"start":{"line":58,"column":26},"end":{"line":58,"column":null}}]},"4":{"loc":{"start":{"line":66,"column":22},"end":{"line":68,"column":null}},"type":"cond-expr","locations":[{"start":{"line":67,"column":26},"end":{"line":67,"column":null}},{"start":{"line":68,"column":26},"end":{"line":68,"column":null}}]},"5":{"loc":{"start":{"line":79,"column":22},"end":{"line":81,"column":null}},"type":"cond-expr","locations":[{"start":{"line":80,"column":26},"end":{"line":80,"column":null}},{"start":{"line":81,"column":26},"end":{"line":81,"column":null}}]},"6":{"loc":{"start":{"line":89,"column":22},"end":{"line":91,"column":null}},"type":"cond-expr","locations":[{"start":{"line":90,"column":26},"end":{"line":90,"column":null}},{"start":{"line":91,"column":26},"end":{"line":91,"column":null}}]},"7":{"loc":{"start":{"line":99,"column":22},"end":{"line":101,"column":null}},"type":"cond-expr","locations":[{"start":{"line":100,"column":26},"end":{"line":100,"column":null}},{"start":{"line":101,"column":26},"end":{"line":101,"column":null}}]},"8":{"loc":{"start":{"line":114,"column":14},"end":{"line":170,"column":15}},"type":"cond-expr","locations":[{"start":{"line":114,"column":14},"end":{"line":170,"column":15}}]},"9":{"loc":{"start":{"line":126,"column":25},"end":{"line":126,"column":null}},"type":"binary-expr","locations":[{"start":{"line":126,"column":25},"end":{"line":126,"column":64}},{"start":{"line":126,"column":64},"end":{"line":126,"column":null}}]},"10":{"loc":{"start":{"line":197,"column":32},"end":{"line":197,"column":68}},"type":"cond-expr","locations":[{"start":{"line":197,"column":49},"end":{"line":197,"column":60}},{"start":{"line":197,"column":60},"end":{"line":197,"column":68}}]},"11":{"loc":{"start":{"line":213,"column":32},"end":{"line":213,"column":68}},"type":"cond-expr","locations":[{"start":{"line":213,"column":49},"end":{"line":213,"column":59}},{"start":{"line":213,"column":59},"end":{"line":213,"column":68}}]},"12":{"loc":{"start":{"line":234,"column":25},"end":{"line":234,"column":61}},"type":"cond-expr","locations":[{"start":{"line":234,"column":42},"end":{"line":234,"column":52}},{"start":{"line":234,"column":52},"end":{"line":234,"column":61}}]},"13":{"loc":{"start":{"line":237,"column":12},"end":{"line":280,"column":null}},"type":"cond-expr","locations":[{"start":{"line":237,"column":12},"end":{"line":280,"column":null}}]},"14":{"loc":{"start":{"line":241,"column":18},"end":{"line":243,"column":null}},"type":"cond-expr","locations":[{"start":{"line":242,"column":22},"end":{"line":242,"column":null}},{"start":{"line":243,"column":22},"end":{"line":243,"column":null}}]},"15":{"loc":{"start":{"line":251,"column":18},"end":{"line":253,"column":null}},"type":"cond-expr","locations":[{"start":{"line":252,"column":22},"end":{"line":252,"column":null}},{"start":{"line":253,"column":22},"end":{"line":253,"column":null}}]},"16":{"loc":{"start":{"line":261,"column":18},"end":{"line":263,"column":null}},"type":"cond-expr","locations":[{"start":{"line":262,"column":22},"end":{"line":262,"column":null}},{"start":{"line":263,"column":22},"end":{"line":263,"column":null}}]},"17":{"loc":{"start":{"line":271,"column":18},"end":{"line":273,"column":null}},"type":"cond-expr","locations":[{"start":{"line":272,"column":22},"end":{"line":272,"column":null}},{"start":{"line":273,"column":22},"end":{"line":273,"column":null}}]},"18":{"loc":{"start":{"line":284,"column":18},"end":{"line":286,"column":null}},"type":"cond-expr","locations":[{"start":{"line":285,"column":22},"end":{"line":285,"column":null}},{"start":{"line":286,"column":22},"end":{"line":286,"column":null}}]},"19":{"loc":{"start":{"line":294,"column":18},"end":{"line":296,"column":null}},"type":"cond-expr","locations":[{"start":{"line":295,"column":22},"end":{"line":295,"column":null}},{"start":{"line":296,"column":22},"end":{"line":296,"column":null}}]},"20":{"loc":{"start":{"line":304,"column":18},"end":{"line":306,"column":null}},"type":"cond-expr","locations":[{"start":{"line":305,"column":22},"end":{"line":305,"column":null}},{"start":{"line":306,"column":22},"end":{"line":306,"column":null}}]},"21":{"loc":{"start":{"line":317,"column":10},"end":{"line":352,"column":11}},"type":"cond-expr","locations":[{"start":{"line":317,"column":10},"end":{"line":352,"column":11}}]},"22":{"loc":{"start":{"line":321,"column":19},"end":{"line":321,"column":null}},"type":"binary-expr","locations":[{"start":{"line":321,"column":19},"end":{"line":321,"column":58}},{"start":{"line":321,"column":58},"end":{"line":321,"column":null}}]}},"s":{"0":0,"1":0,"2":0,"3":0,"4":0,"5":0,"6":0,"7":0,"8":0,"9":0,"10":0,"11":0,"12":0},"f":{"0":0,"1":0,"2":0,"3":0},"b":{"0":[0],"1":[0,0],"2":[0,0],"3":[0,0],"4":[0,0],"5":[0,0],"6":[0,0],"7":[0,0],"8":[0],"9":[0,0],"10":[0,0],"11":[0,0],"12":[0,0],"13":[0],"14":[0,0],"15":[0,0],"16":[0,0],"17":[0,0],"18":[0,0],"19":[0,0],"20":[0,0],"21":[0],"22":[0,0]}}
,"/Users/kooshapari/temp-PRODVERCEL/localbase/localbase-frontend/contexts/AuthContext.tsx": {"path":"/Users/kooshapari/temp-PRODVERCEL/localbase/localbase-frontend/contexts/AuthContext.tsx","statementMap":{"0":{"start":{"line":42,"column":16},"end":{"line":42,"column":28}},"1":{"start":{"line":110,"column":16},"end":{"line":110,"column":23}},"2":{"start":{"line":3,"column":70},"end":{"line":3,"column":null}},"3":{"start":{"line":5,"column":25},"end":{"line":5,"column":null}},"4":{"start":{"line":40,"column":20},"end":{"line":40,"column":null}},"5":{"start":{"line":43,"column":31},"end":{"line":43,"column":null}},"6":{"start":{"line":44,"column":25},"end":{"line":44,"column":null}},"7":{"start":{"line":45,"column":31},"end":{"line":45,"column":null}},"8":{"start":{"line":47,"column":1},"end":{"line":67,"column":null}},"9":{"start":{"line":49,"column":2},"end":{"line":53,"column":null}},"10":{"start":{"line":50,"column":3},"end":{"line":50,"column":null}},"11":{"start":{"line":51,"column":3},"end":{"line":51,"column":null}},"12":{"start":{"line":52,"column":3},"end":{"line":52,"column":null}},"13":{"start":{"line":58,"column":6},"end":{"line":62,"column":null}},"14":{"start":{"line":59,"column":3},"end":{"line":59,"column":null}},"15":{"start":{"line":60,"column":3},"end":{"line":60,"column":null}},"16":{"start":{"line":61,"column":3},"end":{"line":61,"column":null}},"17":{"start":{"line":64,"column":2},"end":{"line":66,"column":null}},"18":{"start":{"line":65,"column":3},"end":{"line":65,"column":null}},"19":{"start":{"line":69,"column":16},"end":{"line":75,"column":null}},"20":{"start":{"line":70,"column":26},"end":{"line":73,"column":null}},"21":{"start":{"line":74,"column":2},"end":{"line":74,"column":null}},"22":{"start":{"line":77,"column":16},"end":{"line":83,"column":null}},"23":{"start":{"line":78,"column":26},"end":{"line":81,"column":null}},"24":{"start":{"line":82,"column":2},"end":{"line":82,"column":null}},"25":{"start":{"line":85,"column":17},"end":{"line":88,"column":null}},"26":{"start":{"line":86,"column":20},"end":{"line":86,"column":null}},"27":{"start":{"line":87,"column":2},"end":{"line":87,"column":null}},"28":{"start":{"line":90,"column":23},"end":{"line":95,"column":null}},"29":{"start":{"line":91,"column":26},"end":{"line":93,"column":null}},"30":{"start":{"line":94,"column":2},"end":{"line":94,"column":null}},"31":{"start":{"line":97,"column":15},"end":{"line":105,"column":null}},"32":{"start":{"line":111,"column":17},"end":{"line":111,"column":null}},"33":{"start":{"line":112,"column":1},"end":{"line":114,"column":null}},"34":{"start":{"line":113,"column":2},"end":{"line":113,"column":null}},"35":{"start":{"line":115,"column":1},"end":{"line":115,"column":null}}},"fnMap":{"0":{"name":"AuthProvider","decl":{"start":{"line":42,"column":16},"end":{"line":42,"column":28}},"loc":{"start":{"line":42,"column":72},"end":{"line":108,"column":null}}},"1":{"name":"(anonymous_7)","decl":{"start":{"line":47,"column":11},"end":{"line":47,"column":null}},"loc":{"start":{"line":47,"column":11},"end":{"line":67,"column":4}}},"2":{"name":"(anonymous_8)","decl":{"start":{"line":49,"column":34},"end":{"line":49,"column":35}},"loc":{"start":{"line":49,"column":56},"end":{"line":53,"column":null}}},"3":{"name":"(anonymous_9)","decl":{"start":{"line":58,"column":38},"end":{"line":58,"column":39}},"loc":{"start":{"line":58,"column":47},"end":{"line":62,"column":null}}},"4":{"name":"(anonymous_10)","decl":{"start":{"line":64,"column":9},"end":{"line":64,"column":null}},"loc":{"start":{"line":64,"column":9},"end":{"line":66,"column":null}}},"5":{"name":"(anonymous_11)","decl":{"start":{"line":69,"column":16},"end":{"line":69,"column":23}},"loc":{"start":{"line":69,"column":38},"end":{"line":75,"column":null}}},"6":{"name":"(anonymous_12)","decl":{"start":{"line":77,"column":16},"end":{"line":77,"column":23}},"loc":{"start":{"line":77,"column":38},"end":{"line":83,"column":null}}},"7":{"name":"(anonymous_13)","decl":{"start":{"line":85,"column":17},"end":{"line":85,"column":null}},"loc":{"start":{"line":85,"column":17},"end":{"line":88,"column":null}}},"8":{"name":"(anonymous_14)","decl":{"start":{"line":90,"column":23},"end":{"line":90,"column":30}},"loc":{"start":{"line":90,"column":30},"end":{"line":95,"column":null}}},"9":{"name":"useAuth","decl":{"start":{"line":110,"column":16},"end":{"line":110,"column":23}},"loc":{"start":{"line":110,"column":16},"end":{"line":116,"column":null}}}},"branchMap":{"0":{"loc":{"start":{"line":51,"column":11},"end":{"line":51,"column":null}},"type":"binary-expr","locations":[{"start":{"line":51,"column":11},"end":{"line":51,"column":28}},{"start":{"line":51,"column":28},"end":{"line":51,"column":null}}]},"1":{"loc":{"start":{"line":60,"column":11},"end":{"line":60,"column":null}},"type":"binary-expr","locations":[{"start":{"line":60,"column":11},"end":{"line":60,"column":28}},{"start":{"line":60,"column":28},"end":{"line":60,"column":null}}]},"2":{"loc":{"start":{"line":112,"column":1},"end":{"line":114,"column":null}},"type":"if","locations":[{"start":{"line":112,"column":1},"end":{"line":114,"column":null}}]}},"s":{"0":0,"1":0,"2":0,"3":0,"4":0,"5":0,"6":0,"7":0,"8":0,"9":0,"10":0,"11":0,"12":0,"13":0,"14":0,"15":0,"16":0,"17":0,"18":0,"19":0,"20":0,"21":0,"22":0,"23":0,"24":0,"25":0,"26":0,"27":0,"28":0,"29":0,"30":0,"31":0,"32":0,"33":0,"34":0,"35":0},"f":{"0":0,"1":0,"2":0,"3":0,"4":0,"5":0,"6":0,"7":0,"8":0,"9":0},"b":{"0":[0,0],"1":[0,0],"2":[0]}}
}
