TN:
SF:app/layout.tsx
FN:30,RootLayout
FNF:1
FNH:0
FNDA:0,RootLayout
DA:1,0
DA:2,0
DA:3,0
DA:7,0
DA:25,0
DA:30,0
LF:6
LH:0
BRF:0
BRH:0
end_of_record
TN:
SF:app/page.tsx
FN:7,HomePage
FNF:1
FNH:0
FNDA:0,HomePage
DA:1,0
DA:2,0
DA:3,0
DA:4,0
DA:5,0
DA:7,0
DA:9,0
DA:14,0
DA:17,0
DA:18,0
LF:10
LH:0
BRDA:17,0,0,0
BRF:1
BRH:0
end_of_record
TN:
SF:app/(dashboard)/layout.tsx
FN:7,DashboardLayout
FNF:1
FNH:0
FNDA:0,DashboardLayout
DA:1,0
DA:2,0
DA:3,0
DA:4,0
DA:5,0
DA:7,0
DA:13,0
DA:16,0
DA:19,0
DA:20,0
LF:10
LH:0
BRDA:19,0,0,0
BRF:1
BRH:0
end_of_record
TN:
SF:app/(dashboard)/api-keys/page.tsx
FN:12,ApiKeysPage
FN:76,(anonymous_5)
FN:110,(anonymous_6)
FNF:3
FNH:0
FNDA:0,ApiKeysPage
FNDA:0,(anonymous_5)
FNDA:0,(anonymous_6)
DA:1,0
DA:3,0
DA:4,0
DA:5,0
DA:7,0
DA:12,0
DA:14,0
DA:17,0
DA:20,0
DA:21,0
DA:25,0
DA:77,0
DA:111,0
DA:112,0
DA:113,0
LF:15
LH:0
BRDA:20,0,0,0
BRDA:54,1,0,0
BRDA:53,2,0,0
BRDA:53,2,1,0
BRDA:101,3,0,0
BRDA:101,3,1,0
BRDA:112,4,0,0
BRF:7
BRH:0
end_of_record
TN:
SF:app/(dashboard)/api-keys/new/page.tsx
FN:13,CreateApiKeyPage
FNF:1
FNH:0
FNDA:0,CreateApiKeyPage
DA:1,0
DA:3,0
DA:4,0
DA:5,0
DA:6,0
DA:8,0
DA:13,0
DA:15,0
DA:18,0
DA:21,0
DA:22,0
LF:11
LH:0
BRDA:21,0,0,0
BRF:1
BRH:0
end_of_record
TN:
SF:app/(dashboard)/dashboard/page.tsx
FN:12,DashboardPage
FN:107,(anonymous_5)
FNF:2
FNH:0
FNDA:0,DashboardPage
FNDA:0,(anonymous_5)
DA:1,0
DA:3,0
DA:4,0
DA:5,0
DA:7,0
DA:12,0
DA:14,0
DA:17,0
DA:20,0
DA:21,0
DA:25,0
DA:32,0
DA:108,0
LF:13
LH:0
BRDA:20,0,0,0
BRDA:46,1,0,0
BRDA:46,1,1,0
BRDA:48,2,0,0
BRDA:48,2,1,0
BRDA:56,3,0,0
BRDA:56,3,1,0
BRDA:71,4,0,0
BRDA:85,5,0,0
BRDA:84,6,0,0
BRDA:84,6,1,0
BRDA:117,7,0,0
BRDA:117,7,1,0
BRDA:118,8,0,0
BRDA:118,8,1,0
BRDA:119,9,0,0
BRDA:119,9,1,0
BRF:17
BRH:0
end_of_record
TN:
SF:app/(dashboard)/jobs/page.tsx
FN:13,JobsPage
FN:132,(anonymous_5)
FN:250,(anonymous_6)
FN:250,(anonymous_7)
FNF:4
FNH:0
FNDA:0,JobsPage
FNDA:0,(anonymous_5)
FNDA:0,(anonymous_6)
FNDA:0,(anonymous_7)
DA:1,0
DA:3,0
DA:4,0
DA:5,0
DA:6,0
DA:8,0
DA:13,0
DA:19,0
DA:22,0
DA:25,0
DA:26,0
DA:30,0
DA:31,0
DA:32,0
DA:35,0
DA:42,0
DA:43,0
DA:47,0
DA:48,0
DA:49,0
DA:52,0
DA:55,0
DA:133,0
DA:250,0
DA:251,0
LF:25
LH:0
BRDA:25,0,0,0
BRDA:30,1,0,0
BRDA:30,1,1,0
BRDA:31,2,0,0
BRDA:31,2,1,0
BRDA:42,3,0,0
BRDA:55,4,0,0
BRDA:55,4,1,0
BRDA:78,5,0,0
BRDA:78,5,1,0
BRDA:88,6,0,0
BRDA:88,6,1,0
BRDA:98,7,0,0
BRDA:98,7,1,0
BRDA:108,8,0,0
BRDA:108,8,1,0
BRDA:118,9,0,0
BRDA:118,9,1,0
BRDA:130,10,0,0
BRDA:129,11,0,0
BRDA:129,11,1,0
BRDA:139,12,0,0
BRDA:139,12,1,0
BRDA:143,13,0,0
BRDA:143,13,1,0
BRDA:144,14,0,0
BRDA:144,14,1,0
BRDA:145,15,0,0
BRDA:145,15,1,0
BRDA:166,16,0,0
BRDA:166,16,1,0
BRDA:193,17,0,0
BRDA:193,17,1,0
BRDA:195,18,0,0
BRDA:195,18,1,0
BRDA:207,19,0,0
BRDA:211,20,0,0
BRDA:211,20,1,0
BRDA:213,21,0,0
BRDA:213,21,1,0
BRDA:219,22,0,0
BRDA:219,22,1,0
BRDA:221,23,0,0
BRDA:221,23,1,0
BRDA:231,24,0,0
BRDA:231,24,1,0
BRDA:238,25,0,0
BRDA:238,25,1,0
BRDA:240,26,0,0
BRDA:240,26,1,0
BRDA:255,27,0,0
BRDA:255,27,1,0
BRDA:265,28,0,0
BRDA:265,28,1,0
BRDA:267,29,0,0
BRDA:267,29,1,0
BRF:56
BRH:0
end_of_record
TN:
SF:app/(dashboard)/jobs/[id]/page.tsx
FN:8,generateMetadata
FN:15,JobDetailPage
FN:47,(anonymous_6)
FN:209,(anonymous_7)
FNF:4
FNH:0
FNDA:0,generateMetadata
FNDA:0,JobDetailPage
FNDA:0,(anonymous_6)
FNDA:0,(anonymous_7)
DA:1,0
DA:3,0
DA:4,0
DA:5,0
DA:6,0
DA:8,0
DA:9,0
DA:15,0
DA:16,0
DA:19,0
DA:22,0
DA:25,0
DA:26,0
DA:30,0
DA:42,0
DA:43,0
DA:47,0
DA:48,0
DA:50,0
DA:52,0
DA:54,0
DA:56,0
DA:210,0
DA:211,0
LF:24
LH:0
BRDA:25,0,0,0
BRDA:42,1,0,0
BRDA:42,2,0,0
BRDA:42,2,1,0
BRDA:48,3,0,0
BRDA:48,3,1,0
BRDA:48,3,2,0
BRDA:48,3,3,0
BRDA:95,4,0,0
BRDA:95,4,1,0
BRDA:99,5,0,0
BRDA:99,5,1,0
BRDA:108,6,0,0
BRDA:108,6,1,0
BRDA:113,7,0,0
BRDA:113,7,1,0
BRDA:117,8,0,0
BRDA:117,8,1,0
BRDA:122,9,0,0
BRDA:122,9,1,0
BRDA:127,10,0,0
BRDA:127,10,1,0
BRDA:143,11,0,0
BRDA:161,12,0,0
BRDA:165,13,0,0
BRDA:167,14,0,0
BRDA:167,14,1,0
BRDA:171,15,0,0
BRDA:171,15,1,0
BRDA:193,16,0,0
BRDA:205,17,0,0
BRDA:210,18,0,0
BRDA:210,18,1,0
BRDA:230,19,0,0
BRDA:230,19,1,0
BRDA:232,20,0,0
BRDA:240,21,0,0
BRDA:240,21,1,0
BRF:38
BRH:0
end_of_record
TN:
SF:app/(dashboard)/jobs/new/page.tsx
FN:14,CreateJobPage
FNF:1
FNH:0
FNDA:0,CreateJobPage
DA:1,0
DA:3,0
DA:4,0
DA:5,0
DA:6,0
DA:7,0
DA:9,0
DA:14,0
DA:20,0
DA:23,0
DA:26,0
DA:27,0
DA:31,0
DA:46,0
DA:47,0
DA:48,0
DA:55,0
LF:17
LH:0
BRDA:26,0,0,0
BRDA:47,1,0,0
BRDA:70,2,0,0
BRDA:70,2,1,0
BRDA:77,3,0,0
BRDA:77,3,1,0
BRF:6
BRH:0
end_of_record
TN:
SF:app/(dashboard)/profile/page.tsx
FN:12,ProfilePage
FNF:1
FNH:0
FNDA:0,ProfilePage
DA:1,0
DA:3,0
DA:4,0
DA:5,0
DA:7,0
DA:12,0
DA:14,0
DA:17,0
DA:20,0
DA:21,0
DA:25,0
LF:11
LH:0
BRDA:20,0,0,0
BRDA:40,1,0,0
BRDA:40,1,1,0
BRDA:40,1,2,0
BRDA:45,2,0,0
BRDA:45,2,1,0
BRDA:48,3,0,0
BRDA:48,3,1,0
BRDA:69,4,0,0
BRDA:69,4,1,0
BRDA:76,5,0,0
BRDA:76,5,1,0
BRDA:95,6,0,0
BRDA:123,7,0,0
BRDA:123,7,1,0
BRDA:123,8,0,0
BRDA:123,8,1,0
BRF:17
BRH:0
end_of_record
TN:
SF:app/actions/api-keys.ts
FN:7,createApiKey
FN:48,deleteApiKey
FNF:2
FNH:0
FNDA:0,createApiKey
FNDA:0,deleteApiKey
DA:3,0
DA:4,0
DA:5,0
DA:7,0
DA:8,0
DA:9,0
DA:12,0
DA:14,0
DA:15,0
DA:19,0
DA:22,0
DA:36,0
DA:37,0
DA:38,0
DA:41,0
DA:43,0
DA:44,0
DA:48,0
DA:49,0
DA:50,0
DA:53,0
DA:55,0
DA:56,0
DA:60,0
DA:66,0
DA:67,0
DA:71,0
DA:72,0
DA:76,0
DA:81,0
DA:82,0
DA:83,0
DA:86,0
DA:88,0
DA:89,0
LF:35
LH:0
BRDA:14,0,0,0
BRDA:14,1,0,0
BRDA:14,1,1,0
BRDA:36,2,0,0
BRDA:55,3,0,0
BRDA:66,4,0,0
BRDA:66,5,0,0
BRDA:66,5,1,0
BRDA:71,6,0,0
BRDA:81,7,0,0
BRF:10
BRH:0
end_of_record
TN:
SF:app/actions/jobs.ts
FN:20,createJob
FN:79,(anonymous_4)
FN:90,cancelJob
FN:141,simulateJobProcessing
FN:166,(anonymous_7)
FNF:5
FNH:0
FNDA:0,createJob
FNDA:0,(anonymous_4)
FNDA:0,cancelJob
FNDA:0,simulateJobProcessing
FNDA:0,(anonymous_7)
DA:3,0
DA:4,0
DA:20,0
DA:21,0
DA:22,0
DA:25,0
DA:27,0
DA:28,0
DA:32,0
DA:39,0
DA:40,0
DA:44,0
DA:51,0
DA:52,0
DA:56,0
DA:72,0
DA:73,0
DA:74,0
DA:79,0
DA:80,0
DA:83,0
DA:85,0
DA:86,0
DA:90,0
DA:91,0
DA:92,0
DA:95,0
DA:97,0
DA:98,0
DA:102,0
DA:108,0
DA:109,0
DA:113,0
DA:114,0
DA:118,0
DA:119,0
DA:123,0
DA:128,0
DA:129,0
DA:130,0
DA:133,0
DA:135,0
DA:136,0
DA:142,0
DA:144,0
DA:146,0
DA:155,0
DA:161,0
DA:162,0
DA:166,0
DA:169,0
DA:170,0
DA:172,0
DA:173,0
DA:174,0
DA:175,0
DA:176,0
DA:177,0
DA:178,0
DA:180,0
DA:181,0
DA:182,0
DA:183,0
DA:184,0
DA:185,0
DA:186,0
DA:190,0
DA:191,0
DA:194,0
DA:200,0
DA:201,0
DA:202,0
DA:203,0
DA:204,0
DA:208,0
DA:220,0
DA:223,0
LF:77
LH:0
BRDA:27,0,0,0
BRDA:27,1,0,0
BRDA:27,1,1,0
BRDA:39,2,0,0
BRDA:39,3,0,0
BRDA:39,3,1,0
BRDA:51,4,0,0
BRDA:51,5,0,0
BRDA:51,5,1,0
BRDA:72,6,0,0
BRDA:97,7,0,0
BRDA:108,8,0,0
BRDA:108,9,0,0
BRDA:108,9,1,0
BRDA:113,10,0,0
BRDA:118,11,0,0
BRDA:128,12,0,0
BRDA:161,13,0,0
BRDA:172,14,0,0
BRDA:172,14,1,0
BRDA:201,15,0,0
BRDA:202,16,0,0
BRDA:202,16,1,0
BRDA:203,17,0,0
BRDA:203,17,1,0
BRF:25
BRH:0
end_of_record
TN:
SF:app/api/api-keys/delete/route.ts
FN:5,POST
FNF:1
FNH:0
FNDA:0,POST
DA:2,0
DA:3,0
DA:5,0
DA:6,0
DA:7,0
DA:8,0
DA:10,0
DA:11,0
DA:17,0
DA:20,0
DA:22,0
DA:23,0
DA:30,0
DA:36,0
DA:37,0
DA:44,0
DA:45,0
DA:52,0
DA:57,0
DA:58,0
DA:59,0
DA:66,0
DA:68,0
DA:69,0
LF:24
LH:0
BRDA:10,0,0,0
BRDA:22,1,0,0
BRDA:36,2,0,0
BRDA:36,3,0,0
BRDA:36,3,1,0
BRDA:44,4,0,0
BRDA:57,5,0,0
BRF:7
BRH:0
end_of_record
TN:
SF:app/api/jobs/cancel/route.ts
FN:5,POST
FNF:1
FNH:0
FNDA:0,POST
DA:2,0
DA:3,0
DA:5,0
DA:6,0
DA:7,0
DA:8,0
DA:10,0
DA:11,0
DA:17,0
DA:20,0
DA:22,0
DA:23,0
DA:30,0
DA:36,0
DA:37,0
DA:44,0
DA:45,0
DA:52,0
DA:53,0
DA:60,0
DA:65,0
DA:66,0
DA:67,0
DA:74,0
DA:76,0
DA:77,0
LF:26
LH:0
BRDA:10,0,0,0
BRDA:22,1,0,0
BRDA:36,2,0,0
BRDA:36,3,0,0
BRDA:36,3,1,0
BRDA:44,4,0,0
BRDA:52,5,0,0
BRDA:65,6,0,0
BRF:8
BRH:0
end_of_record
TN:
SF:app/dashboard/page.tsx
FN:12,DashboardPage
FN:107,(anonymous_5)
FNF:2
FNH:0
FNDA:0,DashboardPage
FNDA:0,(anonymous_5)
DA:1,0
DA:3,0
DA:4,0
DA:5,0
DA:7,0
DA:12,0
DA:14,0
DA:17,0
DA:20,0
DA:21,0
DA:25,0
DA:32,0
DA:108,0
LF:13
LH:0
BRDA:20,0,0,0
BRDA:46,1,0,0
BRDA:46,1,1,0
BRDA:48,2,0,0
BRDA:48,2,1,0
BRDA:56,3,0,0
BRDA:56,3,1,0
BRDA:71,4,0,0
BRDA:85,5,0,0
BRDA:84,6,0,0
BRDA:84,6,1,0
BRDA:117,7,0,0
BRDA:117,7,1,0
BRDA:118,8,0,0
BRDA:118,8,1,0
BRDA:119,9,0,0
BRDA:119,9,1,0
BRF:17
BRH:0
end_of_record
TN:
SF:app/forgot-password/page.tsx
FN:10,ForgotPasswordPage
FNF:1
FNH:0
FNDA:0,ForgotPasswordPage
DA:1,0
DA:2,0
DA:5,0
DA:10,0
LF:4
LH:0
BRF:0
BRH:0
end_of_record
TN:
SF:app/reset-password/page.tsx
FN:10,ResetPasswordPage
FNF:1
FNH:0
FNDA:0,ResetPasswordPage
DA:1,0
DA:2,0
DA:5,0
DA:10,0
LF:4
LH:0
BRF:0
BRH:0
end_of_record
TN:
SF:app/signin/page.tsx
FN:10,SignInPage
FNF:1
FNH:0
FNDA:0,SignInPage
DA:1,0
DA:2,0
DA:5,0
DA:10,0
LF:4
LH:0
BRF:0
BRH:0
end_of_record
TN:
SF:app/signup/page.tsx
FN:10,SignUpPage
FNF:1
FNH:0
FNDA:0,SignUpPage
DA:1,0
DA:2,0
DA:5,0
DA:10,0
LF:4
LH:0
BRF:0
BRH:0
end_of_record
TN:
SF:components/api-keys/CreateApiKeyForm.tsx
FN:11,CreateApiKeyForm
FN:19,(anonymous_5)
FN:50,(anonymous_6)
FN:51,(anonymous_7)
FN:53,(anonymous_8)
FN:60,(anonymous_9)
FN:96,(anonymous_10)
FN:103,(anonymous_11)
FN:134,(anonymous_12)
FN:154,(anonymous_13)
FN:167,(anonymous_14)
FN:180,(anonymous_15)
FNF:12
FNH:0
FNDA:0,CreateApiKeyForm
FNDA:0,(anonymous_5)
FNDA:0,(anonymous_6)
FNDA:0,(anonymous_7)
FNDA:0,(anonymous_8)
FNDA:0,(anonymous_9)
FNDA:0,(anonymous_10)
FNDA:0,(anonymous_11)
FNDA:0,(anonymous_12)
FNDA:0,(anonymous_13)
FNDA:0,(anonymous_14)
FNDA:0,(anonymous_15)
DA:3,0
DA:4,0
DA:5,0
DA:11,0
DA:12,0
DA:13,0
DA:14,0
DA:15,0
DA:16,0
DA:17,0
DA:19,0
DA:20,0
DA:22,0
DA:23,0
DA:24,0
DA:27,0
DA:28,0
DA:29,0
DA:31,0
DA:33,0
DA:34,0
DA:35,0
DA:38,0
DA:41,0
DA:43,0
DA:44,0
DA:46,0
DA:50,0
DA:51,0
DA:52,0
DA:53,0
DA:55,0
DA:60,0
DA:61,0
DA:62,0
DA:63,0
DA:67,0
DA:96,0
DA:104,0
DA:105,0
DA:106,0
DA:134,0
DA:154,0
DA:167,0
DA:180,0
LF:45
LH:0
BRDA:22,0,0,0
BRDA:33,1,0,0
BRDA:52,2,0,0
BRDA:52,2,1,0
BRDA:61,3,0,0
BRDA:67,4,0,0
BRDA:119,5,0,0
BRDA:199,6,0,0
BRDA:199,6,1,0
BRF:9
BRH:0
end_of_record
TN:
SF:components/auth/ForgotPasswordForm.tsx
FN:5,ForgotPasswordForm
FN:12,(anonymous_6)
FN:74,(anonymous_7)
FNF:3
FNH:0
FNDA:0,ForgotPasswordForm
FNDA:0,(anonymous_6)
FNDA:0,(anonymous_7)
DA:1,0
DA:2,0
DA:3,0
DA:5,0
DA:6,0
DA:7,0
DA:8,0
DA:9,0
DA:10,0
DA:12,0
DA:13,0
DA:15,0
DA:16,0
DA:17,0
DA:20,0
DA:21,0
DA:22,0
DA:24,0
DA:26,0
DA:27,0
DA:28,0
DA:31,0
DA:32,0
DA:34,0
DA:35,0
DA:37,0
DA:74,0
LF:27
LH:0
BRDA:15,0,0,0
BRDA:26,1,0,0
BRDA:50,2,0,0
BRDA:56,3,0,0
BRDA:85,4,0,0
BRDA:85,4,1,0
BRF:6
BRH:0
end_of_record
TN:
SF:components/auth/ResetPasswordForm.tsx
FN:6,ResetPasswordForm
FN:16,(anonymous_6)
FN:32,(anonymous_7)
FN:64,(anonymous_8)
FN:127,(anonymous_9)
FN:146,(anonymous_10)
FNF:6
FNH:0
FNDA:0,ResetPasswordForm
FNDA:0,(anonymous_6)
FNDA:0,(anonymous_7)
FNDA:0,(anonymous_8)
FNDA:0,(anonymous_9)
FNDA:0,(anonymous_10)
DA:1,0
DA:2,0
DA:3,0
DA:4,0
DA:6,0
DA:7,0
DA:8,0
DA:9,0
DA:10,0
DA:11,0
DA:12,0
DA:13,0
DA:16,0
DA:17,0
DA:18,0
DA:22,0
DA:23,0
DA:26,0
DA:28,0
DA:32,0
DA:33,0
DA:35,0
DA:36,0
DA:37,0
DA:40,0
DA:41,0
DA:42,0
DA:45,0
DA:46,0
DA:47,0
DA:50,0
DA:51,0
DA:52,0
DA:54,0
DA:56,0
DA:57,0
DA:58,0
DA:61,0
DA:64,0
DA:65,0
DA:68,0
DA:69,0
DA:71,0
DA:76,0
DA:127,0
DA:146,0
LF:46
LH:0
BRDA:22,0,0,0
BRDA:35,1,0,0
BRDA:35,2,0,0
BRDA:35,2,1,0
BRDA:40,3,0,0
BRDA:45,4,0,0
BRDA:56,5,0,0
BRDA:76,6,0,0
BRDA:103,7,0,0
BRDA:109,8,0,0
BRDA:157,9,0,0
BRDA:157,9,1,0
BRF:12
BRH:0
end_of_record
TN:
SF:components/auth/SignInForm.tsx
FN:6,SignInForm
FN:14,(anonymous_6)
FN:70,(anonymous_7)
FN:86,(anonymous_8)
FNF:4
FNH:0
FNDA:0,SignInForm
FNDA:0,(anonymous_6)
FNDA:0,(anonymous_7)
FNDA:0,(anonymous_8)
DA:1,0
DA:2,0
DA:3,0
DA:4,0
DA:6,0
DA:7,0
DA:8,0
DA:9,0
DA:10,0
DA:11,0
DA:12,0
DA:14,0
DA:15,0
DA:17,0
DA:18,0
DA:19,0
DA:22,0
DA:23,0
DA:24,0
DA:26,0
DA:28,0
DA:29,0
DA:30,0
DA:34,0
DA:36,0
DA:37,0
DA:39,0
DA:70,0
DA:86,0
LF:29
LH:0
BRDA:17,0,0,0
BRDA:17,1,0,0
BRDA:17,1,1,0
BRDA:28,2,0,0
BRDA:52,3,0,0
BRDA:117,4,0,0
BRDA:117,4,1,0
BRF:7
BRH:0
end_of_record
TN:
SF:components/auth/SignUpForm.tsx
FN:6,SignUpForm
FN:17,(anonymous_6)
FN:98,(anonymous_7)
FN:116,(anonymous_8)
FN:134,(anonymous_9)
FN:155,(anonymous_10)
FNF:6
FNH:6
FNDA:29,SignUpForm
FNDA:4,(anonymous_6)
FNDA:4,(anonymous_7)
FNDA:4,(anonymous_8)
FNDA:4,(anonymous_9)
FNDA:4,(anonymous_10)
DA:1,1
DA:2,1
DA:3,1
DA:4,1
DA:6,5
DA:7,29
DA:8,29
DA:9,29
DA:10,29
DA:11,29
DA:12,29
DA:13,29
DA:14,29
DA:15,29
DA:17,29
DA:18,4
DA:20,4
DA:21,0
DA:22,0
DA:25,4
DA:26,0
DA:27,0
DA:30,4
DA:31,0
DA:32,0
DA:35,4
DA:36,4
DA:37,4
DA:39,4
DA:41,3
DA:42,1
DA:43,1
DA:47,2
DA:52,1
DA:55,1
DA:58,1
DA:59,1
DA:61,4
DA:98,4
DA:116,4
DA:134,4
DA:155,4
LF:42
LH:36
BRDA:20,0,0,0
BRDA:20,1,0,4
BRDA:20,1,1,4
BRDA:20,1,2,4
BRDA:20,1,3,4
BRDA:25,2,0,0
BRDA:30,3,0,0
BRDA:41,4,0,1
BRDA:47,5,0,1
BRDA:47,5,1,1
BRDA:48,6,0,2
BRDA:48,6,1,2
BRDA:48,6,2,2
BRDA:74,7,0,29
BRDA:78,8,0,29
BRDA:165,9,0,4
BRDA:165,9,1,25
BRF:17
BRH:14
end_of_record
TN:
SF:components/jobs/CreateJobForm.tsx
FN:35,CreateJobForm
FN:59,(anonymous_5)
FN:76,(anonymous_6)
FN:78,(anonymous_7)
FN:95,(anonymous_8)
FN:113,(anonymous_9)
FN:157,(anonymous_10)
FN:162,(anonymous_11)
FN:172,(anonymous_12)
FN:173,(anonymous_13)
FN:188,(anonymous_14)
FN:210,(anonymous_15)
FN:230,(anonymous_16)
FN:250,(anonymous_17)
FN:270,(anonymous_18)
FN:290,(anonymous_19)
FNF:16
FNH:0
FNDA:0,CreateJobForm
FNDA:0,(anonymous_5)
FNDA:0,(anonymous_6)
FNDA:0,(anonymous_7)
FNDA:0,(anonymous_8)
FNDA:0,(anonymous_9)
FNDA:0,(anonymous_10)
FNDA:0,(anonymous_11)
FNDA:0,(anonymous_12)
FNDA:0,(anonymous_13)
FNDA:0,(anonymous_14)
FNDA:0,(anonymous_15)
FNDA:0,(anonymous_16)
FNDA:0,(anonymous_17)
FNDA:0,(anonymous_18)
FNDA:0,(anonymous_19)
DA:3,0
DA:4,0
DA:5,0
DA:35,0
DA:36,0
DA:37,0
DA:38,0
DA:52,0
DA:53,0
DA:54,0
DA:56,0
DA:59,0
DA:60,0
DA:61,0
DA:62,0
DA:63,0
DA:64,0
DA:76,0
DA:77,0
DA:78,0
DA:79,0
DA:81,0
DA:84,0
DA:87,0
DA:88,0
DA:90,0
DA:95,0
DA:96,0
DA:98,0
DA:99,0
DA:100,0
DA:103,0
DA:104,0
DA:105,0
DA:108,0
DA:109,0
DA:110,0
DA:113,0
DA:114,0
DA:115,0
DA:118,0
DA:126,0
DA:127,0
DA:128,0
DA:132,0
DA:134,0
DA:135,0
DA:137,0
DA:157,0
DA:163,0
DA:172,0
DA:173,0
DA:188,0
DA:210,0
DA:230,0
DA:250,0
DA:270,0
DA:290,0
LF:58
LH:0
BRDA:60,0,0,0
BRDA:63,1,0,0
BRDA:65,2,0,0
BRDA:65,2,1,0
BRDA:66,3,0,0
BRDA:66,3,1,0
BRDA:67,4,0,0
BRDA:67,4,1,0
BRDA:68,5,0,0
BRDA:68,5,1,0
BRDA:69,6,0,0
BRDA:69,6,1,0
BRDA:77,7,0,0
BRDA:77,8,0,0
BRDA:77,8,1,0
BRDA:79,9,0,0
BRDA:87,10,0,0
BRDA:87,10,1,0
BRDA:88,11,0,0
BRDA:88,11,1,0
BRDA:98,12,0,0
BRDA:103,13,0,0
BRDA:114,14,0,0
BRDA:126,15,0,0
BRDA:143,16,0,0
BRDA:169,17,0,0
BRDA:315,18,0,0
BRDA:315,18,1,0
BRF:28
BRH:0
end_of_record
TN:
SF:components/layout/Navigation.tsx
FN:6,Navigation
FN:11,(anonymous_6)
FN:15,(anonymous_7)
FN:192,(anonymous_8)
FNF:4
FNH:0
FNDA:0,Navigation
FNDA:0,(anonymous_6)
FNDA:0,(anonymous_7)
FNDA:0,(anonymous_8)
DA:1,0
DA:2,0
DA:3,0
DA:4,0
DA:6,0
DA:7,0
DA:8,0
DA:9,0
DA:11,0
DA:12,0
DA:15,0
DA:16,0
DA:192,0
LF:13
LH:0
BRDA:32,0,0,0
BRDA:36,1,0,0
BRDA:36,1,1,0
BRDA:46,2,0,0
BRDA:46,2,1,0
BRDA:56,3,0,0
BRDA:56,3,1,0
BRDA:66,4,0,0
BRDA:66,4,1,0
BRDA:79,5,0,0
BRDA:79,5,1,0
BRDA:89,6,0,0
BRDA:89,6,1,0
BRDA:99,7,0,0
BRDA:99,7,1,0
BRDA:114,8,0,0
BRDA:126,9,0,0
BRDA:126,9,1,0
BRDA:197,10,0,0
BRDA:197,10,1,0
BRDA:213,11,0,0
BRDA:213,11,1,0
BRDA:234,12,0,0
BRDA:234,12,1,0
BRDA:237,13,0,0
BRDA:241,14,0,0
BRDA:241,14,1,0
BRDA:251,15,0,0
BRDA:251,15,1,0
BRDA:261,16,0,0
BRDA:261,16,1,0
BRDA:271,17,0,0
BRDA:271,17,1,0
BRDA:284,18,0,0
BRDA:284,18,1,0
BRDA:294,19,0,0
BRDA:294,19,1,0
BRDA:304,20,0,0
BRDA:304,20,1,0
BRDA:317,21,0,0
BRDA:321,22,0,0
BRDA:321,22,1,0
BRF:42
BRH:0
end_of_record
TN:
SF:contexts/AuthContext.tsx
FN:42,AuthProvider
FN:47,(anonymous_7)
FN:49,(anonymous_8)
FN:58,(anonymous_9)
FN:64,(anonymous_10)
FN:69,(anonymous_11)
FN:77,(anonymous_12)
FN:85,(anonymous_13)
FN:90,(anonymous_14)
FN:110,useAuth
FNF:10
FNH:0
FNDA:0,AuthProvider
FNDA:0,(anonymous_7)
FNDA:0,(anonymous_8)
FNDA:0,(anonymous_9)
FNDA:0,(anonymous_10)
FNDA:0,(anonymous_11)
FNDA:0,(anonymous_12)
FNDA:0,(anonymous_13)
FNDA:0,(anonymous_14)
FNDA:0,useAuth
DA:3,0
DA:5,0
DA:40,0
DA:42,0
DA:43,0
DA:44,0
DA:45,0
DA:47,0
DA:49,0
DA:50,0
DA:51,0
DA:52,0
DA:58,0
DA:59,0
DA:60,0
DA:61,0
DA:64,0
DA:65,0
DA:69,0
DA:70,0
DA:74,0
DA:77,0
DA:78,0
DA:82,0
DA:85,0
DA:86,0
DA:87,0
DA:90,0
DA:91,0
DA:94,0
DA:97,0
DA:110,0
DA:111,0
DA:112,0
DA:113,0
DA:115,0
LF:36
LH:0
BRDA:51,0,0,0
BRDA:51,0,1,0
BRDA:60,1,0,0
BRDA:60,1,1,0
BRDA:112,2,0,0
BRF:5
BRH:0
end_of_record
